DEBUG 2022-05-31 05:23:17,464 autoreload 14762 139699944856576 File /home/aniket/djangoProject/DjangoTest/FormView/views.py previous mtime: 1653914092.952148, current mtime: 1653974597.4323676
DEBUG 2022-05-31 05:23:17,465 autoreload 14762 139699944856576 /home/aniket/djangoProject/DjangoTest/FormView/views.py notified as changed. Signal results: [(<function template_changed at 0x7f0e6c3d9f70>, None), (<function translation_file_changed at 0x7f0e6bb1e670>, None)].
INFO 2022-05-31 05:23:17,465 autoreload 14762 139699944856576 /home/aniket/djangoProject/DjangoTest/FormView/views.py changed, reloading.
INFO 2022-05-31 05:23:17,928 autoreload 18652 140131663281152 Watching for file changes with StatReloader
DEBUG 2022-05-31 05:23:17,928 autoreload 18652 140131663281152 Waiting for apps ready_event.
DEBUG 2022-05-31 05:23:18,231 views 18652 140131630216768 Aniket Suryawanshi
DEBUG 2022-05-31 05:23:18,233 autoreload 18652 140131663281152 Apps ready_event triggered. Sending autoreload_started signal.
DEBUG 2022-05-31 05:23:18,247 autoreload 18652 140131663281152 Watching dir /home/aniket/djangoProject/DjangoTest/FormView/templates with glob **/*.
DEBUG 2022-05-31 05:23:18,247 autoreload 18652 140131663281152 Watching dir /home/aniket/djangoProject/DjangoTest/templates with glob **/*.
DEBUG 2022-05-31 05:23:18,247 autoreload 18652 140131663281152 Watching dir /home/aniket/djangoProject/DjangoTest/locale with glob **/*.mo.
DEBUG 2022-05-31 05:23:18,247 autoreload 18652 140131663281152 Watching dir /home/aniket/.local/lib/python3.9/site-packages/django_crontab/locale with glob **/*.mo.
DEBUG 2022-05-31 05:23:18,247 autoreload 18652 140131663281152 Watching dir /home/aniket/djangoProject/DjangoTest/FormView/locale with glob **/*.mo.
DEBUG 2022-05-31 05:23:18,289 utils 18652 140131630216768 (0.000) 
            SELECT name, type FROM sqlite_master
            WHERE type in ('table', 'view') AND NOT name='sqlite_sequence'
            ORDER BY name; args=None; alias=default
DEBUG 2022-05-31 05:23:18,330 autoreload 18652 140131663281152 File /home/aniket/.local/lib/python3.9/site-packages/django/core/handlers/asgi.py first seen with mtime 1653891630.2118719
DEBUG 2022-05-31 05:23:18,330 autoreload 18652 140131663281152 File /home/aniket/.local/lib/python3.9/site-packages/numpy/polynomial/legendre.py first seen with mtime 1639140259.9833302
DEBUG 2022-05-31 05:23:18,331 autoreload 18652 140131663281152 File /home/aniket/.local/lib/python3.9/site-packages/django/utils/lorem_ipsum.py first seen with mtime 1653891630.2999735
DEBUG 2022-05-31 05:23:18,331 autoreload 18652 140131663281152 File /home/aniket/djangoProject/DjangoTest/FormView/formurl.py first seen with mtime 1653904000.6820006
DEBUG 2022-05-31 05:23:18,331 autoreload 18652 140131663281152 File /usr/lib/python3.9/textwrap.py first seen with mtime 1631285983.0
DEBUG 2022-05-31 05:23:18,331 autoreload 18652 140131663281152 File /home/aniket/.local/lib/python3.9/site-packages/django/middleware/__init__.py first seen with mtime 1653891630.2799504
DEBUG 2022-05-31 05:23:18,331 autoreload 18652 140131663281152 File /home/aniket/.local/lib/python3.9/site-packages/numpy/lib/mixins.py first seen with mtime 1639140260.1753423
DEBUG 2022-05-31 05:23:18,331 autoreload 18652 140131663281152 File /home/aniket/.local/lib/python3.9/site-packages/django/contrib/auth/validators.py first seen with mtime 1653891629.7513375
DEBUG 2022-05-31 05:23:18,331 autoreload 18652 140131663281152 File /home/aniket/.local/lib/python3.9/site-packages/django/template/context.py first seen with mtime 1653891630.283955
DEBUG 2022-05-31 05:23:18,331 autoreload 18652 140131663281152 File /home/aniket/.local/lib/python3.9/site-packages/django/utils/numberformat.py first seen with mtime 1653891630.3039782
DEBUG 2022-05-31 05:23:18,331 autoreload 18652 140131663281152 File /usr/lib/python3.9/lib-dynload/_sqlite3.cpython-39-x86_64-linux-gnu.so first seen with mtime 1631285983.0
DEBUG 2022-05-31 05:23:18,331 autoreload 18652 140131663281152 File /usr/lib/python3.9/email/utils.py first seen with mtime 1631285983.0
DEBUG 2022-05-31 05:23:18,331 autoreload 18652 140131663281152 File /usr/lib/python3.9/weakref.py first seen with mtime 1631285983.0
DEBUG 2022-05-31 05:23:18,331 autoreload 18652 140131663281152 File /home/aniket/.local/lib/python3.9/site-packages/django/db/backends/sqlite3/schema.py first seen with mtime 1653891630.2399042
DEBUG 2022-05-31 05:23:18,331 autoreload 18652 140131663281152 File /home/aniket/.local/lib/python3.9/site-packages/django/contrib/staticfiles/management/commands/__init__.py first seen with mtime 1653891630.199858
DEBUG 2022-05-31 05:23:18,331 autoreload 18652 140131663281152 File /home/aniket/.local/lib/python3.9/site-packages/numpy/lib/type_check.py first seen with mtime 1639140260.171342
DEBUG 2022-05-31 05:23:18,331 autoreload 18652 140131663281152 File /usr/lib/python3.9/struct.py first seen with mtime 1631285983.0
DEBUG 2022-05-31 05:23:18,332 autoreload 18652 140131663281152 File /home/aniket/.local/lib/python3.9/site-packages/django/contrib/auth/models.py first seen with mtime 1653891629.7513375
DEBUG 2022-05-31 05:23:18,332 autoreload 18652 140131663281152 File /usr/lib/python3.9/fnmatch.py first seen with mtime 1631285983.0
DEBUG 2022-05-31 05:23:18,332 autoreload 18652 140131663281152 File /home/aniket/.local/lib/python3.9/site-packages/numpy/lib/scimath.py first seen with mtime 1639140260.1753423
DEBUG 2022-05-31 05:23:18,332 autoreload 18652 140131663281152 File /home/aniket/.local/lib/python3.9/site-packages/django/views/decorators/cache.py first seen with mtime 1653891630.3079827
DEBUG 2022-05-31 05:23:18,332 autoreload 18652 140131663281152 File /home/aniket/.local/lib/python3.9/site-packages/django/core/cache/backends/__init__.py first seen with mtime 1653891630.2038624
DEBUG 2022-05-31 05:23:18,332 autoreload 18652 140131663281152 File /home/aniket/.local/lib/python3.9/site-packages/django/core/signing.py first seen with mtime 1653891630.2038624
DEBUG 2022-05-31 05:23:18,332 autoreload 18652 140131663281152 File /usr/lib/python3.9/mimetypes.py first seen with mtime 1631285983.0
DEBUG 2022-05-31 05:23:18,332 autoreload 18652 140131663281152 File /home/aniket/.local/lib/python3.9/site-packages/django/shortcuts.py first seen with mtime 1653891629.414946
DEBUG 2022-05-31 05:23:18,332 autoreload 18652 140131663281152 File /usr/lib/python3.9/os.py first seen with mtime 1631285983.0
DEBUG 2022-05-31 05:23:18,332 autoreload 18652 140131663281152 File /home/aniket/.local/lib/python3.9/site-packages/django/utils/deconstruct.py first seen with mtime 1653891630.295969
DEBUG 2022-05-31 05:23:18,332 autoreload 18652 140131663281152 File /home/aniket/.local/lib/python3.9/site-packages/django/db/migrations/utils.py first seen with mtime 1653891630.243909
DEBUG 2022-05-31 05:23:18,332 autoreload 18652 140131663281152 File /usr/lib/python3.9/email/headerregistry.py first seen with mtime 1631285983.0
DEBUG 2022-05-31 05:23:18,332 autoreload 18652 140131663281152 File /home/aniket/.local/lib/python3.9/site-packages/django/contrib/staticfiles/apps.py first seen with mtime 1653891630.199858
DEBUG 2022-05-31 05:23:18,332 autoreload 18652 140131663281152 File /home/aniket/.local/lib/python3.9/site-packages/django/db/backends/sqlite3/operations.py first seen with mtime 1653891630.2399042
DEBUG 2022-05-31 05:23:18,333 autoreload 18652 140131663281152 File /home/aniket/.local/lib/python3.9/site-packages/django/contrib/auth/tokens.py first seen with mtime 1653891629.7513375
DEBUG 2022-05-31 05:23:18,333 autoreload 18652 140131663281152 File /usr/lib/python3.9/asyncio/log.py first seen with mtime 1631285983.0
DEBUG 2022-05-31 05:23:18,333 autoreload 18652 140131663281152 File /home/aniket/.local/lib/python3.9/site-packages/django/template/loaders/filesystem.py first seen with mtime 1653891630.2879596
DEBUG 2022-05-31 05:23:18,333 autoreload 18652 140131663281152 File /usr/lib/python3.9/email/quoprimime.py first seen with mtime 1631285983.0
DEBUG 2022-05-31 05:23:18,333 autoreload 18652 140131663281152 File /usr/lib/python3.9/sre_compile.py first seen with mtime 1631285983.0
DEBUG 2022-05-31 05:23:18,333 autoreload 18652 140131663281152 File /home/aniket/.local/lib/python3.9/site-packages/numpy/random/_pcg64.cpython-39-x86_64-linux-gnu.so first seen with mtime 1639140260.123339
DEBUG 2022-05-31 05:23:18,333 autoreload 18652 140131663281152 File /home/aniket/.local/lib/python3.9/site-packages/django/contrib/contenttypes/fields.py first seen with mtime 1653891629.8114076
DEBUG 2022-05-31 05:23:18,333 autoreload 18652 140131663281152 File /home/aniket/.local/lib/python3.9/site-packages/numpy/core/__init__.py first seen with mtime 1639140259.9993312
DEBUG 2022-05-31 05:23:18,333 autoreload 18652 140131663281152 File /home/aniket/.local/lib/python3.9/site-packages/numpy/fft/_pocketfft.py first seen with mtime 1639140260.2433465
DEBUG 2022-05-31 05:23:18,333 autoreload 18652 140131663281152 File /home/aniket/.local/lib/python3.9/site-packages/django/db/migrations/state.py first seen with mtime 1653891630.243909
DEBUG 2022-05-31 05:23:18,333 autoreload 18652 140131663281152 File /home/aniket/.local/lib/python3.9/site-packages/django/contrib/auth/hashers.py first seen with mtime 1653891629.7513375
DEBUG 2022-05-31 05:23:18,333 autoreload 18652 140131663281152 File /home/aniket/.local/lib/python3.9/site-packages/django/template/loaders/base.py first seen with mtime 1653891630.2879596
DEBUG 2022-05-31 05:23:18,333 autoreload 18652 140131663281152 File /home/aniket/.local/lib/python3.9/site-packages/django/dispatch/dispatcher.py first seen with mtime 1653891630.2599273
DEBUG 2022-05-31 05:23:18,333 autoreload 18652 140131663281152 File /home/aniket/.local/lib/python3.9/site-packages/django/contrib/sessions/models.py first seen with mtime 1653891630.111756
DEBUG 2022-05-31 05:23:18,334 autoreload 18652 140131663281152 File /home/aniket/.local/lib/python3.9/site-packages/numpy/polynomial/_polybase.py first seen with mtime 1639140259.9833302
DEBUG 2022-05-31 05:23:18,334 autoreload 18652 140131663281152 File /home/aniket/.local/lib/python3.9/site-packages/numpy/random/_sfc64.cpython-39-x86_64-linux-gnu.so first seen with mtime 1639140260.1433403
DEBUG 2022-05-31 05:23:18,334 autoreload 18652 140131663281152 File /home/aniket/.local/lib/python3.9/site-packages/django/db/backends/sqlite3/base.py first seen with mtime 1653891630.2358994
DEBUG 2022-05-31 05:23:18,334 autoreload 18652 140131663281152 File /home/aniket/.local/lib/python3.9/site-packages/django/contrib/auth/forms.py first seen with mtime 1653891629.7513375
DEBUG 2022-05-31 05:23:18,334 autoreload 18652 140131663281152 File /home/aniket/.local/lib/python3.9/site-packages/django/core/checks/model_checks.py first seen with mtime 1653891630.2078671
DEBUG 2022-05-31 05:23:18,334 autoreload 18652 140131663281152 File /home/aniket/.local/lib/python3.9/site-packages/django/core/management/base.py first seen with mtime 1653891630.2158763
DEBUG 2022-05-31 05:23:18,334 autoreload 18652 140131663281152 File /home/aniket/.local/lib/python3.9/site-packages/numpy/random/_mt19937.cpython-39-x86_64-linux-gnu.so first seen with mtime 1639140260.1353397
DEBUG 2022-05-31 05:23:18,334 autoreload 18652 140131663281152 File /home/aniket/.local/lib/python3.9/site-packages/django/views/static.py first seen with mtime 1653891630.3079827
DEBUG 2022-05-31 05:23:18,334 autoreload 18652 140131663281152 File /home/aniket/.local/lib/python3.9/site-packages/numpy/core/numeric.py first seen with mtime 1639140259.9993312
DEBUG 2022-05-31 05:23:18,334 autoreload 18652 140131663281152 File /home/aniket/.local/lib/python3.9/site-packages/numpy/polynomial/polynomial.py first seen with mtime 1639140259.9873307
DEBUG 2022-05-31 05:23:18,334 autoreload 18652 140131663281152 File /home/aniket/.local/lib/python3.9/site-packages/django/core/checks/security/base.py first seen with mtime 1653891630.2118719
DEBUG 2022-05-31 05:23:18,335 autoreload 18652 140131663281152 File /home/aniket/.local/lib/python3.9/site-packages/django/contrib/admin/sites.py first seen with mtime 1653891629.5310814
DEBUG 2022-05-31 05:23:18,335 autoreload 18652 140131663281152 File /usr/lib/python3.9/logging/config.py first seen with mtime 1631285983.0
DEBUG 2022-05-31 05:23:18,335 autoreload 18652 140131663281152 File /usr/lib/python3.9/encodings/__init__.py first seen with mtime 1631285983.0
DEBUG 2022-05-31 05:23:18,335 autoreload 18652 140131663281152 File /home/aniket/.local/lib/python3.9/site-packages/django/db/models/query.py first seen with mtime 1653891630.2479134
DEBUG 2022-05-31 05:23:18,335 autoreload 18652 140131663281152 File /usr/lib/python3.9/concurrent/futures/thread.py first seen with mtime 1631285983.0
DEBUG 2022-05-31 05:23:18,335 autoreload 18652 140131663281152 File /home/aniket/.local/lib/python3.9/site-packages/django/contrib/admin/exceptions.py first seen with mtime 1653891629.5310814
DEBUG 2022-05-31 05:23:18,335 autoreload 18652 140131663281152 File /home/aniket/.local/lib/python3.9/site-packages/django/db/backends/ddl_references.py first seen with mtime 1653891630.2278903
DEBUG 2022-05-31 05:23:18,335 autoreload 18652 140131663281152 File /home/aniket/.local/lib/python3.9/site-packages/sqlparse/tokens.py first seen with mtime 1639048940.1504877
DEBUG 2022-05-31 05:23:18,335 autoreload 18652 140131663281152 File /home/aniket/.local/lib/python3.9/site-packages/django/utils/log.py first seen with mtime 1653891630.2999735
DEBUG 2022-05-31 05:23:18,335 autoreload 18652 140131663281152 File /usr/lib/python3.9/urllib/request.py first seen with mtime 1631285983.0
DEBUG 2022-05-31 05:23:18,335 autoreload 18652 140131663281152 File /home/aniket/.local/lib/python3.9/site-packages/django/contrib/admin/widgets.py first seen with mtime 1653891629.5310814
DEBUG 2022-05-31 05:23:18,335 autoreload 18652 140131663281152 File /home/aniket/djangoProject/DjangoTest/manage.py first seen with mtime 1645419724.6584454
DEBUG 2022-05-31 05:23:18,336 autoreload 18652 140131663281152 File /home/aniket/.local/lib/python3.9/site-packages/django/views/generic/detail.py first seen with mtime 1653891630.3119874
DEBUG 2022-05-31 05:23:18,336 autoreload 18652 140131663281152 File /home/aniket/.local/lib/python3.9/site-packages/django/core/checks/security/sessions.py first seen with mtime 1653891630.2118719
DEBUG 2022-05-31 05:23:18,336 autoreload 18652 140131663281152 File /home/aniket/.local/lib/python3.9/site-packages/django/core/files/base.py first seen with mtime 1653891630.2118719
DEBUG 2022-05-31 05:23:18,336 autoreload 18652 140131663281152 File /usr/lib/python3.9/lib-dynload/_decimal.cpython-39-x86_64-linux-gnu.so first seen with mtime 1631285983.0
DEBUG 2022-05-31 05:23:18,336 autoreload 18652 140131663281152 File /usr/lib/python3.9/lib-dynload/_zoneinfo.cpython-39-x86_64-linux-gnu.so first seen with mtime 1631285983.0
DEBUG 2022-05-31 05:23:18,336 autoreload 18652 140131663281152 File /usr/lib/python3.9/difflib.py first seen with mtime 1631285983.0
DEBUG 2022-05-31 05:23:18,336 autoreload 18652 140131663281152 File /home/aniket/.local/lib/python3.9/site-packages/django/http/response.py first seen with mtime 1653891630.2799504
DEBUG 2022-05-31 05:23:18,336 autoreload 18652 140131663281152 File /usr/lib/python3.9/decimal.py first seen with mtime 1631285983.0
DEBUG 2022-05-31 05:23:18,336 autoreload 18652 140131663281152 File /usr/lib/python3.9/zoneinfo/_common.py first seen with mtime 1631285983.0
DEBUG 2022-05-31 05:23:18,336 autoreload 18652 140131663281152 File /usr/lib/python3.9/lib-dynload/_ctypes.cpython-39-x86_64-linux-gnu.so first seen with mtime 1631285983.0
DEBUG 2022-05-31 05:23:18,336 autoreload 18652 140131663281152 File /home/aniket/.local/lib/python3.9/site-packages/django/contrib/messages/api.py first seen with mtime 1653891630.0236542
DEBUG 2022-05-31 05:23:18,336 autoreload 18652 140131663281152 File /usr/lib/python3.9/ctypes/_endian.py first seen with mtime 1631285983.0
DEBUG 2022-05-31 05:23:18,336 autoreload 18652 140131663281152 File /home/aniket/.local/lib/python3.9/site-packages/django/utils/datastructures.py first seen with mtime 1653891630.295969
DEBUG 2022-05-31 05:23:18,336 autoreload 18652 140131663281152 File /home/aniket/.local/lib/python3.9/site-packages/django/core/files/uploadedfile.py first seen with mtime 1653891630.2118719
DEBUG 2022-05-31 05:23:18,336 autoreload 18652 140131663281152 File /home/aniket/.local/lib/python3.9/site-packages/django/contrib/__init__.py first seen with mtime 1653891629.5270767
DEBUG 2022-05-31 05:23:18,337 autoreload 18652 140131663281152 File /usr/lib/python3/dist-packages/colorama/ansitowin32.py first seen with mtime 1602564393.0
DEBUG 2022-05-31 05:23:18,337 autoreload 18652 140131663281152 File /home/aniket/.local/lib/python3.9/site-packages/sqlparse/engine/filter_stack.py first seen with mtime 1639048940.1504877
DEBUG 2022-05-31 05:23:18,337 autoreload 18652 140131663281152 File /home/aniket/.local/lib/python3.9/site-packages/django/core/files/move.py first seen with mtime 1653891630.2118719
DEBUG 2022-05-31 05:23:18,337 autoreload 18652 140131663281152 File /home/aniket/.local/lib/python3.9/site-packages/numpy/fft/_pocketfft_internal.cpython-39-x86_64-linux-gnu.so first seen with mtime 1639140260.2433465
DEBUG 2022-05-31 05:23:18,337 autoreload 18652 140131663281152 File /usr/lib/python3.9/sre_parse.py first seen with mtime 1631285983.0
DEBUG 2022-05-31 05:23:18,337 autoreload 18652 140131663281152 File /home/aniket/.local/lib/python3.9/site-packages/django/views/generic/edit.py first seen with mtime 1653891630.3119874
DEBUG 2022-05-31 05:23:18,337 autoreload 18652 140131663281152 File /usr/lib/python3.9/email/mime/__init__.py first seen with mtime 1631285983.0
DEBUG 2022-05-31 05:23:18,337 autoreload 18652 140131663281152 File /home/aniket/.local/lib/python3.9/site-packages/django/core/handlers/exception.py first seen with mtime 1653891630.2118719
DEBUG 2022-05-31 05:23:18,337 autoreload 18652 140131663281152 File /home/aniket/.local/lib/python3.9/site-packages/django/contrib/admin/helpers.py first seen with mtime 1653891629.5310814
DEBUG 2022-05-31 05:23:18,337 autoreload 18652 140131663281152 File /home/aniket/.local/lib/python3.9/site-packages/numpy/core/_dtype_ctypes.py first seen with mtime 1639140259.995331
DEBUG 2022-05-31 05:23:18,337 autoreload 18652 140131663281152 File /usr/lib/python3.9/bz2.py first seen with mtime 1631285983.0
DEBUG 2022-05-31 05:23:18,337 autoreload 18652 140131663281152 File /home/aniket/.local/lib/python3.9/site-packages/django/http/__init__.py first seen with mtime 1653891630.2759457
DEBUG 2022-05-31 05:23:18,337 autoreload 18652 140131663281152 File /usr/lib/python3.9/enum.py first seen with mtime 1631285983.0
DEBUG 2022-05-31 05:23:18,337 autoreload 18652 140131663281152 File /home/aniket/.local/lib/python3.9/site-packages/numpy/core/_exceptions.py first seen with mtime 1639140260.0233328
DEBUG 2022-05-31 05:23:18,338 autoreload 18652 140131663281152 File /usr/lib/python3/dist-packages/colorama/winterm.py first seen with mtime 1602564393.0
DEBUG 2022-05-31 05:23:18,338 autoreload 18652 140131663281152 File /home/aniket/.local/lib/python3.9/site-packages/django/core/exceptions.py first seen with mtime 1653891630.2038624
DEBUG 2022-05-31 05:23:18,338 autoreload 18652 140131663281152 File /home/aniket/.local/lib/python3.9/site-packages/sqlparse/filters/aligned_indent.py first seen with mtime 1639048940.1504877
DEBUG 2022-05-31 05:23:18,338 autoreload 18652 140131663281152 File /home/aniket/.local/lib/python3.9/site-packages/django/core/checks/files.py first seen with mtime 1653891630.2078671
DEBUG 2022-05-31 05:23:18,338 autoreload 18652 140131663281152 File /home/aniket/.local/lib/python3.9/site-packages/django/utils/tree.py first seen with mtime 1653891630.3039782
DEBUG 2022-05-31 05:23:18,338 autoreload 18652 140131663281152 File /home/aniket/.local/lib/python3.9/site-packages/django/db/models/options.py first seen with mtime 1653891630.2479134
DEBUG 2022-05-31 05:23:18,338 autoreload 18652 140131663281152 File /home/aniket/.local/lib/python3.9/site-packages/django/utils/topological_sort.py first seen with mtime 1653891630.3039782
DEBUG 2022-05-31 05:23:18,338 autoreload 18652 140131663281152 File /usr/lib/python3.9/wsgiref/simple_server.py first seen with mtime 1631285983.0
DEBUG 2022-05-31 05:23:18,338 autoreload 18652 140131663281152 File /home/aniket/.local/lib/python3.9/site-packages/django/forms/widgets.py first seen with mtime 1653891630.2599273
DEBUG 2022-05-31 05:23:18,338 autoreload 18652 140131663281152 File /usr/lib/python3.9/dis.py first seen with mtime 1631285983.0
DEBUG 2022-05-31 05:23:18,338 autoreload 18652 140131663281152 File /home/aniket/.local/lib/python3.9/site-packages/django/db/models/fields/related_lookups.py first seen with mtime 1653891630.251918
DEBUG 2022-05-31 05:23:18,338 autoreload 18652 140131663281152 File /home/aniket/.local/lib/python3.9/site-packages/django/template/library.py first seen with mtime 1653891630.283955
DEBUG 2022-05-31 05:23:18,338 autoreload 18652 140131663281152 File /usr/lib/python3.9/asyncio/futures.py first seen with mtime 1631285983.0
DEBUG 2022-05-31 05:23:18,339 autoreload 18652 140131663281152 File /usr/lib/python3.9/shutil.py first seen with mtime 1631285983.0
DEBUG 2022-05-31 05:23:18,339 autoreload 18652 140131663281152 File /usr/lib/python3.9/email/base64mime.py first seen with mtime 1631285983.0
DEBUG 2022-05-31 05:23:18,339 autoreload 18652 140131663281152 File /home/aniket/.local/lib/python3.9/site-packages/django/db/models/fields/mixins.py first seen with mtime 1653891630.251918
DEBUG 2022-05-31 05:23:18,339 autoreload 18652 140131663281152 File /home/aniket/djangoProject/DjangoTest/FormView/__init__.py first seen with mtime 1645419753.456924
DEBUG 2022-05-31 05:23:18,339 autoreload 18652 140131663281152 File /home/aniket/.local/lib/python3.9/site-packages/numpy/lib/__init__.py first seen with mtime 1639140260.171342
DEBUG 2022-05-31 05:23:18,339 autoreload 18652 140131663281152 File /home/aniket/.local/lib/python3.9/site-packages/django/contrib/staticfiles/checks.py first seen with mtime 1653891630.199858
DEBUG 2022-05-31 05:23:18,339 autoreload 18652 140131663281152 File /home/aniket/.local/lib/python3.9/site-packages/django/utils/asyncio.py first seen with mtime 1653891630.295969
DEBUG 2022-05-31 05:23:18,339 autoreload 18652 140131663281152 File /home/aniket/.local/lib/python3.9/site-packages/django/contrib/contenttypes/__init__.py first seen with mtime 1653891629.8114076
DEBUG 2022-05-31 05:23:18,339 autoreload 18652 140131663281152 File /usr/lib/python3.9/pathlib.py first seen with mtime 1631285983.0
DEBUG 2022-05-31 05:23:18,339 autoreload 18652 140131663281152 File /home/aniket/.local/lib/python3.9/site-packages/django/db/models/signals.py first seen with mtime 1653891630.2479134
DEBUG 2022-05-31 05:23:18,339 autoreload 18652 140131663281152 File /usr/lib/python3.9/re.py first seen with mtime 1631285983.0
DEBUG 2022-05-31 05:23:18,339 autoreload 18652 140131663281152 File /home/aniket/.local/lib/python3.9/site-packages/django/db/models/base.py first seen with mtime 1653891630.243909
DEBUG 2022-05-31 05:23:18,339 autoreload 18652 140131663281152 File /home/aniket/.local/lib/python3.9/site-packages/django/urls/__init__.py first seen with mtime 1653891630.2919643
DEBUG 2022-05-31 05:23:18,340 autoreload 18652 140131663281152 File /usr/lib/python3.9/encodings/utf_8.py first seen with mtime 1631285983.0
DEBUG 2022-05-31 05:23:18,340 autoreload 18652 140131663281152 File /home/aniket/.local/lib/python3.9/site-packages/numpy/lib/ufunclike.py first seen with mtime 1639140260.1633415
DEBUG 2022-05-31 05:23:18,340 autoreload 18652 140131663281152 File /usr/lib/python3.9/asyncio/base_events.py first seen with mtime 1631285983.0
DEBUG 2022-05-31 05:23:18,340 autoreload 18652 140131663281152 File /home/aniket/.local/lib/python3.9/site-packages/django/db/__init__.py first seen with mtime 1653891630.2238855
DEBUG 2022-05-31 05:23:18,340 autoreload 18652 140131663281152 File /home/aniket/.local/lib/python3.9/site-packages/django/template/defaulttags.py first seen with mtime 1653891630.283955
DEBUG 2022-05-31 05:23:18,340 autoreload 18652 140131663281152 File /home/aniket/.local/lib/python3.9/site-packages/django/db/models/functions/mixins.py first seen with mtime 1653891630.2559226
DEBUG 2022-05-31 05:23:18,340 autoreload 18652 140131663281152 File /home/aniket/.local/lib/python3.9/site-packages/django/views/defaults.py first seen with mtime 1653891630.3079827
DEBUG 2022-05-31 05:23:18,340 autoreload 18652 140131663281152 File /home/aniket/.local/lib/python3.9/site-packages/django/forms/boundfield.py first seen with mtime 1653891630.2599273
DEBUG 2022-05-31 05:23:18,340 autoreload 18652 140131663281152 File /usr/lib/python3.9/sqlite3/dbapi2.py first seen with mtime 1631285983.0
DEBUG 2022-05-31 05:23:18,340 autoreload 18652 140131663281152 File /home/aniket/.local/lib/python3.9/site-packages/django/conf/__init__.py first seen with mtime 1653891629.414946
DEBUG 2022-05-31 05:23:18,340 autoreload 18652 140131663281152 File /home/aniket/.local/lib/python3.9/site-packages/numpy/linalg/linalg.py first seen with mtime 1639140260.1593413
DEBUG 2022-05-31 05:23:18,340 autoreload 18652 140131663281152 File /home/aniket/.local/lib/python3.9/site-packages/numpy/lib/twodim_base.py first seen with mtime 1639140260.171342
DEBUG 2022-05-31 05:23:18,340 autoreload 18652 140131663281152 File /home/aniket/.local/lib/python3.9/site-packages/django/utils/html.py first seen with mtime 1653891630.2999735
DEBUG 2022-05-31 05:23:18,341 autoreload 18652 140131663281152 File /usr/lib/python3.9/html/entities.py first seen with mtime 1631285983.0
DEBUG 2022-05-31 05:23:18,341 autoreload 18652 140131663281152 File /usr/lib/python3.9/wsgiref/util.py first seen with mtime 1631285983.0
DEBUG 2022-05-31 05:23:18,341 autoreload 18652 140131663281152 File /home/aniket/.local/lib/python3.9/site-packages/django/contrib/auth/management/__init__.py first seen with mtime 1653891629.8074028
DEBUG 2022-05-31 05:23:18,341 autoreload 18652 140131663281152 File /home/aniket/.local/lib/python3.9/site-packages/django/templatetags/tz.py first seen with mtime 1653891630.2879596
DEBUG 2022-05-31 05:23:18,341 autoreload 18652 140131663281152 File /home/aniket/.local/lib/python3.9/site-packages/django/template/response.py first seen with mtime 1653891630.283955
DEBUG 2022-05-31 05:23:18,341 autoreload 18652 140131663281152 File /home/aniket/.local/lib/python3.9/site-packages/django/db/models/utils.py first seen with mtime 1653891630.2479134
DEBUG 2022-05-31 05:23:18,341 autoreload 18652 140131663281152 File /home/aniket/.local/lib/python3.9/site-packages/django/core/checks/templates.py first seen with mtime 1653891630.2078671
DEBUG 2022-05-31 05:23:18,341 autoreload 18652 140131663281152 File /home/aniket/.local/lib/python3.9/site-packages/numpy/ctypeslib.py first seen with mtime 1639140259.9753299
DEBUG 2022-05-31 05:23:18,341 autoreload 18652 140131663281152 File /usr/lib/python3.9/lib-dynload/_json.cpython-39-x86_64-linux-gnu.so first seen with mtime 1631285983.0
DEBUG 2022-05-31 05:23:18,341 autoreload 18652 140131663281152 File /usr/lib/python3/dist-packages/colorama/initialise.py first seen with mtime 1602564393.0
DEBUG 2022-05-31 05:23:18,341 autoreload 18652 140131663281152 File /usr/lib/python3.9/html/parser.py first seen with mtime 1631285983.0
DEBUG 2022-05-31 05:23:18,341 autoreload 18652 140131663281152 File /usr/lib/python3.9/site.py first seen with mtime 1631285983.0
DEBUG 2022-05-31 05:23:18,341 autoreload 18652 140131663281152 File /home/aniket/.local/lib/python3.9/site-packages/django/db/models/functions/text.py first seen with mtime 1653891630.2559226
DEBUG 2022-05-31 05:23:18,341 autoreload 18652 140131663281152 File /home/aniket/.local/lib/python3.9/site-packages/django/core/files/images.py first seen with mtime 1653891630.2118719
DEBUG 2022-05-31 05:23:18,341 autoreload 18652 140131663281152 File /home/aniket/.local/lib/python3.9/site-packages/django/core/servers/basehttp.py first seen with mtime 1653891630.2238855
DEBUG 2022-05-31 05:23:18,342 autoreload 18652 140131663281152 File /home/aniket/.local/lib/python3.9/site-packages/numpy/__config__.py first seen with mtime 1639140259.9713297
DEBUG 2022-05-31 05:23:18,342 autoreload 18652 140131663281152 File /home/aniket/.local/lib/python3.9/site-packages/django/core/checks/compatibility/django_4_0.py first seen with mtime 1653891630.2078671
DEBUG 2022-05-31 05:23:18,342 autoreload 18652 140131663281152 File /home/aniket/.local/lib/python3.9/site-packages/numpy/random/_bounded_integers.cpython-39-x86_64-linux-gnu.so first seen with mtime 1639140260.13934
DEBUG 2022-05-31 05:23:18,342 autoreload 18652 140131663281152 File /usr/lib/python3.9/locale.py first seen with mtime 1631285983.0
DEBUG 2022-05-31 05:23:18,342 autoreload 18652 140131663281152 File /home/aniket/.local/lib/python3.9/site-packages/numpy/_version.py first seen with mtime 1639140259.9753299
DEBUG 2022-05-31 05:23:18,342 autoreload 18652 140131663281152 File /home/aniket/.local/lib/python3.9/site-packages/django/template/__init__.py first seen with mtime 1653891630.2799504
DEBUG 2022-05-31 05:23:18,342 autoreload 18652 140131663281152 File /usr/lib/python3.9/genericpath.py first seen with mtime 1631285983.0
DEBUG 2022-05-31 05:23:18,342 autoreload 18652 140131663281152 File /home/aniket/.local/lib/python3.9/site-packages/django/contrib/staticfiles/views.py first seen with mtime 1653891630.199858
DEBUG 2022-05-31 05:23:18,342 autoreload 18652 140131663281152 File /home/aniket/.local/lib/python3.9/site-packages/numpy/core/_methods.py first seen with mtime 1639140260.0033317
DEBUG 2022-05-31 05:23:18,342 autoreload 18652 140131663281152 File /usr/lib/python3.9/_compat_pickle.py first seen with mtime 1631285983.0
DEBUG 2022-05-31 05:23:18,342 autoreload 18652 140131663281152 File /usr/lib/python3.9/lib-dynload/_uuid.cpython-39-x86_64-linux-gnu.so first seen with mtime 1631285983.0
DEBUG 2022-05-31 05:23:18,342 autoreload 18652 140131663281152 File /home/aniket/.local/lib/python3.9/site-packages/numpy/polynomial/laguerre.py first seen with mtime 1639140259.9833302
DEBUG 2022-05-31 05:23:18,342 autoreload 18652 140131663281152 File /usr/lib/python3.9/email/contentmanager.py first seen with mtime 1631285983.0
DEBUG 2022-05-31 05:23:18,342 autoreload 18652 140131663281152 File /home/aniket/.local/lib/python3.9/site-packages/django/core/serializers/__init__.py first seen with mtime 1653891630.2238855
DEBUG 2022-05-31 05:23:18,343 autoreload 18652 140131663281152 File /home/aniket/.local/lib/python3.9/site-packages/django/db/migrations/operations/base.py first seen with mtime 1653891630.243909
DEBUG 2022-05-31 05:23:18,343 autoreload 18652 140131663281152 File /home/aniket/.local/lib/python3.9/site-packages/django/core/checks/urls.py first seen with mtime 1653891630.2078671
DEBUG 2022-05-31 05:23:18,343 autoreload 18652 140131663281152 File /home/aniket/.local/lib/python3.9/site-packages/django/conf/urls/__init__.py first seen with mtime 1653891629.5270767
DEBUG 2022-05-31 05:23:18,343 autoreload 18652 140131663281152 File /home/aniket/.local/lib/python3.9/site-packages/django/utils/dates.py first seen with mtime 1653891630.295969
DEBUG 2022-05-31 05:23:18,343 autoreload 18652 140131663281152 File /home/aniket/.local/lib/python3.9/site-packages/numpy/compat/py3k.py first seen with mtime 1639140260.2673478
DEBUG 2022-05-31 05:23:18,343 autoreload 18652 140131663281152 File /home/aniket/.local/lib/python3.9/site-packages/sqlparse/filters/tokens.py first seen with mtime 1639048940.1504877
DEBUG 2022-05-31 05:23:18,343 autoreload 18652 140131663281152 File /home/aniket/.local/lib/python3.9/site-packages/numpy/core/_type_aliases.py first seen with mtime 1639140260.0673356
DEBUG 2022-05-31 05:23:18,343 autoreload 18652 140131663281152 File /usr/lib/python3.9/unittest/runner.py first seen with mtime 1631285983.0
DEBUG 2022-05-31 05:23:18,343 autoreload 18652 140131663281152 File /usr/lib/python3.9/collections/abc.py first seen with mtime 1631285983.0
DEBUG 2022-05-31 05:23:18,343 autoreload 18652 140131663281152 File /home/aniket/.local/lib/python3.9/site-packages/django/db/migrations/operations/special.py first seen with mtime 1653891630.243909
DEBUG 2022-05-31 05:23:18,343 autoreload 18652 140131663281152 File /home/aniket/.local/lib/python3.9/site-packages/django/db/models/functions/window.py first seen with mtime 1653891630.2559226
DEBUG 2022-05-31 05:23:18,343 autoreload 18652 140131663281152 File /home/aniket/.local/lib/python3.9/site-packages/django/db/models/indexes.py first seen with mtime 1653891630.2479134
DEBUG 2022-05-31 05:23:18,343 autoreload 18652 140131663281152 File /usr/lib/python3/dist-packages/colorama/__init__.py first seen with mtime 1602564393.0
DEBUG 2022-05-31 05:23:18,343 autoreload 18652 140131663281152 File /usr/lib/python3.9/posixpath.py first seen with mtime 1631285983.0
DEBUG 2022-05-31 05:23:18,344 autoreload 18652 140131663281152 File /usr/lib/python3.9/lib-dynload/_asyncio.cpython-39-x86_64-linux-gnu.so first seen with mtime 1631285983.0
DEBUG 2022-05-31 05:23:18,344 autoreload 18652 140131663281152 File /home/aniket/.local/lib/python3.9/site-packages/django/core/checks/security/csrf.py first seen with mtime 1653891630.2118719
DEBUG 2022-05-31 05:23:18,344 autoreload 18652 140131663281152 File /home/aniket/.local/lib/python3.9/site-packages/django/conf/global_settings.py first seen with mtime 1653891629.414946
DEBUG 2022-05-31 05:23:18,344 autoreload 18652 140131663281152 File /home/aniket/djangoProject/DjangoTest/FormView/admin.py first seen with mtime 1645419753.456924
DEBUG 2022-05-31 05:23:18,344 autoreload 18652 140131663281152 File /usr/lib/python3.9/stat.py first seen with mtime 1631285983.0
DEBUG 2022-05-31 05:23:18,344 autoreload 18652 140131663281152 File /usr/lib/python3/dist-packages/colorama/ansi.py first seen with mtime 1602564393.0
DEBUG 2022-05-31 05:23:18,344 autoreload 18652 140131663281152 File /home/aniket/.local/lib/python3.9/site-packages/sqlparse/sql.py first seen with mtime 1639048940.1504877
DEBUG 2022-05-31 05:23:18,344 autoreload 18652 140131663281152 File /home/aniket/.local/lib/python3.9/site-packages/django/contrib/contenttypes/admin.py first seen with mtime 1653891629.8114076
DEBUG 2022-05-31 05:23:18,344 autoreload 18652 140131663281152 File /home/aniket/.local/lib/python3.9/site-packages/django/db/migrations/migration.py first seen with mtime 1653891630.2399042
DEBUG 2022-05-31 05:23:18,344 autoreload 18652 140131663281152 File /home/aniket/.local/lib/python3.9/site-packages/django/views/generic/base.py first seen with mtime 1653891630.3079827
DEBUG 2022-05-31 05:23:18,344 autoreload 18652 140131663281152 File /home/aniket/.local/lib/python3.9/site-packages/numpy/lib/_version.py first seen with mtime 1639140260.171342
DEBUG 2022-05-31 05:23:18,344 autoreload 18652 140131663281152 File /usr/lib/python3.9/_collections_abc.py first seen with mtime 1631285983.0
DEBUG 2022-05-31 05:23:18,344 autoreload 18652 140131663281152 File /usr/lib/python3.9/importlib/__init__.py first seen with mtime 1631285983.0
DEBUG 2022-05-31 05:23:18,344 autoreload 18652 140131663281152 File /home/aniket/.local/lib/python3.9/site-packages/django/contrib/contenttypes/management/__init__.py first seen with mtime 1653891629.8554587
DEBUG 2022-05-31 05:23:18,345 autoreload 18652 140131663281152 File /home/aniket/.local/lib/python3.9/site-packages/django/db/models/fields/related.py first seen with mtime 1653891630.251918
DEBUG 2022-05-31 05:23:18,345 autoreload 18652 140131663281152 File /home/aniket/.local/lib/python3.9/site-packages/numpy/lib/arrayterator.py first seen with mtime 1639140260.1753423
DEBUG 2022-05-31 05:23:18,345 autoreload 18652 140131663281152 File /home/aniket/.local/lib/python3.9/site-packages/django/views/decorators/csrf.py first seen with mtime 1653891630.3079827
DEBUG 2022-05-31 05:23:18,345 autoreload 18652 140131663281152 File /usr/lib/python3.9/urllib/response.py first seen with mtime 1631285983.0
DEBUG 2022-05-31 05:23:18,345 autoreload 18652 140131663281152 File /home/aniket/.local/lib/python3.9/site-packages/django/db/models/deletion.py first seen with mtime 1653891630.2479134
DEBUG 2022-05-31 05:23:18,345 autoreload 18652 140131663281152 File /home/aniket/.local/lib/python3.9/site-packages/django/db/models/sql/where.py first seen with mtime 1653891630.2559226
DEBUG 2022-05-31 05:23:18,345 autoreload 18652 140131663281152 File /usr/lib/python3.9/unittest/loader.py first seen with mtime 1631285983.0
DEBUG 2022-05-31 05:23:18,345 autoreload 18652 140131663281152 File /home/aniket/.local/lib/python3.9/site-packages/django/db/models/fields/__init__.py first seen with mtime 1653891630.251918
DEBUG 2022-05-31 05:23:18,345 autoreload 18652 140131663281152 File /home/aniket/.local/lib/python3.9/site-packages/django/contrib/messages/storage/__init__.py first seen with mtime 1653891630.0236542
DEBUG 2022-05-31 05:23:18,345 autoreload 18652 140131663281152 File /home/aniket/.local/lib/python3.9/site-packages/django/contrib/admin/templatetags/__init__.py first seen with mtime 1653891629.6912677
DEBUG 2022-05-31 05:23:18,345 autoreload 18652 140131663281152 File /home/aniket/.local/lib/python3.9/site-packages/django/core/handlers/__init__.py first seen with mtime 1653891630.2118719
DEBUG 2022-05-31 05:23:18,345 autoreload 18652 140131663281152 File /home/aniket/.local/lib/python3.9/site-packages/django/db/models/functions/datetime.py first seen with mtime 1653891630.2559226
DEBUG 2022-05-31 05:23:18,345 autoreload 18652 140131663281152 File /usr/lib/python3.9/email/charset.py first seen with mtime 1631285983.0
DEBUG 2022-05-31 05:23:18,345 autoreload 18652 140131663281152 File /home/aniket/.local/lib/python3.9/site-packages/django/core/serializers/python.py first seen with mtime 1653891630.2238855
DEBUG 2022-05-31 05:23:18,346 autoreload 18652 140131663281152 File /home/aniket/.local/lib/python3.9/site-packages/django/core/cache/__init__.py first seen with mtime 1653891630.2038624
DEBUG 2022-05-31 05:23:18,346 autoreload 18652 140131663281152 File /home/aniket/.local/lib/python3.9/site-packages/django/template/autoreload.py first seen with mtime 1653891630.2799504
DEBUG 2022-05-31 05:23:18,346 autoreload 18652 140131663281152 File /home/aniket/.local/lib/python3.9/site-packages/numpy/lib/function_base.py first seen with mtime 1639140260.1673417
DEBUG 2022-05-31 05:23:18,346 autoreload 18652 140131663281152 File /home/aniket/.local/lib/python3.9/site-packages/numpy/compat/_inspect.py first seen with mtime 1639140260.2673478
DEBUG 2022-05-31 05:23:18,346 autoreload 18652 140131663281152 File /etc/python3.9/sitecustomize.py first seen with mtime 1631285983.0
DEBUG 2022-05-31 05:23:18,346 autoreload 18652 140131663281152 File /usr/lib/python3.9/gettext.py first seen with mtime 1631285983.0
DEBUG 2022-05-31 05:23:18,346 autoreload 18652 140131663281152 File /usr/lib/python3.9/statistics.py first seen with mtime 1631285983.0
DEBUG 2022-05-31 05:23:18,346 autoreload 18652 140131663281152 File /home/aniket/.local/lib/python3.9/site-packages/django/core/checks/messages.py first seen with mtime 1653891630.2078671
DEBUG 2022-05-31 05:23:18,346 autoreload 18652 140131663281152 File /home/aniket/.local/lib/python3.9/site-packages/django/contrib/admin/decorators.py first seen with mtime 1653891629.5310814
DEBUG 2022-05-31 05:23:18,346 autoreload 18652 140131663281152 File /home/aniket/.local/lib/python3.9/site-packages/django/utils/functional.py first seen with mtime 1653891630.2999735
DEBUG 2022-05-31 05:23:18,346 autoreload 18652 140131663281152 File /home/aniket/.local/lib/python3.9/site-packages/django/contrib/admin/templatetags/admin_modify.py first seen with mtime 1653891629.6952724
DEBUG 2022-05-31 05:23:18,346 autoreload 18652 140131663281152 File /home/aniket/.local/lib/python3.9/site-packages/numpy/core/_asarray.py first seen with mtime 1639140259.9993312
DEBUG 2022-05-31 05:23:18,346 autoreload 18652 140131663281152 File /home/aniket/.local/lib/python3.9/site-packages/numpy/core/getlimits.py first seen with mtime 1639140259.995331
DEBUG 2022-05-31 05:23:18,346 autoreload 18652 140131663281152 File /home/aniket/.local/lib/python3.9/site-packages/sqlparse/exceptions.py first seen with mtime 1639048940.1464841
DEBUG 2022-05-31 05:23:18,346 autoreload 18652 140131663281152 File /usr/lib/python3.9/email/policy.py first seen with mtime 1631285983.0
DEBUG 2022-05-31 05:23:18,347 autoreload 18652 140131663281152 File /home/aniket/.local/lib/python3.9/site-packages/numpy/polynomial/hermite.py first seen with mtime 1639140259.9833302
DEBUG 2022-05-31 05:23:18,347 autoreload 18652 140131663281152 File /home/aniket/.local/lib/python3.9/site-packages/django/core/checks/database.py first seen with mtime 1653891630.2078671
DEBUG 2022-05-31 05:23:18,347 autoreload 18652 140131663281152 File /home/aniket/.local/lib/python3.9/site-packages/django/db/models/fields/reverse_related.py first seen with mtime 1653891630.251918
DEBUG 2022-05-31 05:23:18,347 autoreload 18652 140131663281152 File /home/aniket/.local/lib/python3.9/site-packages/numpy/core/numerictypes.py first seen with mtime 1639140259.9993312
DEBUG 2022-05-31 05:23:18,347 autoreload 18652 140131663281152 File /home/aniket/.local/lib/python3.9/site-packages/django/contrib/auth/base_user.py first seen with mtime 1653891629.7513375
DEBUG 2022-05-31 05:23:18,347 autoreload 18652 140131663281152 File /home/aniket/.local/lib/python3.9/site-packages/numpy/core/memmap.py first seen with mtime 1639140260.027333
DEBUG 2022-05-31 05:23:18,347 autoreload 18652 140131663281152 File /home/aniket/.local/lib/python3.9/site-packages/django/db/models/constraints.py first seen with mtime 1653891630.243909
DEBUG 2022-05-31 05:23:18,347 autoreload 18652 140131663281152 File /home/aniket/.local/lib/python3.9/site-packages/django/views/generic/dates.py first seen with mtime 1653891630.3119874
DEBUG 2022-05-31 05:23:18,347 autoreload 18652 140131663281152 File /usr/lib/python3.9/encodings/latin_1.py first seen with mtime 1631285983.0
DEBUG 2022-05-31 05:23:18,347 autoreload 18652 140131663281152 File /home/aniket/.local/lib/python3.9/site-packages/django/utils/termcolors.py first seen with mtime 1653891630.3039782
DEBUG 2022-05-31 05:23:18,347 autoreload 18652 140131663281152 File /home/aniket/.local/lib/python3.9/site-packages/django/contrib/auth/__init__.py first seen with mtime 1653891629.747333
DEBUG 2022-05-31 05:23:18,347 autoreload 18652 140131663281152 File /usr/lib/python3.9/pkgutil.py first seen with mtime 1631285983.0
DEBUG 2022-05-31 05:23:18,347 autoreload 18652 140131663281152 File /usr/lib/python3.9/unittest/__init__.py first seen with mtime 1631285983.0
DEBUG 2022-05-31 05:23:18,347 autoreload 18652 140131663281152 File /home/aniket/.local/lib/python3.9/site-packages/numpy/fft/__init__.py first seen with mtime 1639140260.2433465
DEBUG 2022-05-31 05:23:18,348 autoreload 18652 140131663281152 File /home/aniket/.local/lib/python3.9/site-packages/django/utils/module_loading.py first seen with mtime 1653891630.3039782
DEBUG 2022-05-31 05:23:18,348 autoreload 18652 140131663281152 File /home/aniket/.local/lib/python3.9/site-packages/numpy/random/_philox.cpython-39-x86_64-linux-gnu.so first seen with mtime 1639140260.13934
DEBUG 2022-05-31 05:23:18,348 autoreload 18652 140131663281152 File /home/aniket/.local/lib/python3.9/site-packages/django/contrib/admin/actions.py first seen with mtime 1653891629.5270767
DEBUG 2022-05-31 05:23:18,348 autoreload 18652 140131663281152 File /home/aniket/.local/lib/python3.9/site-packages/django/core/cache/utils.py first seen with mtime 1653891630.2038624
DEBUG 2022-05-31 05:23:18,348 autoreload 18652 140131663281152 File /home/aniket/.local/lib/python3.9/site-packages/django/db/models/sql/__init__.py first seen with mtime 1653891630.2559226
DEBUG 2022-05-31 05:23:18,348 autoreload 18652 140131663281152 File /usr/lib/python3.9/email/mime/text.py first seen with mtime 1631285983.0
DEBUG 2022-05-31 05:23:18,348 autoreload 18652 140131663281152 File /home/aniket/.local/lib/python3.9/site-packages/django/http/multipartparser.py first seen with mtime 1653891630.2799504
DEBUG 2022-05-31 05:23:18,348 autoreload 18652 140131663281152 File /home/aniket/.local/lib/python3.9/site-packages/numpy/polynomial/chebyshev.py first seen with mtime 1639140259.9833302
DEBUG 2022-05-31 05:23:18,348 autoreload 18652 140131663281152 File /home/aniket/.local/lib/python3.9/site-packages/sqlparse/engine/statement_splitter.py first seen with mtime 1639048940.1504877
DEBUG 2022-05-31 05:23:18,348 autoreload 18652 140131663281152 File /home/aniket/.local/lib/python3.9/site-packages/sqlparse/filters/right_margin.py first seen with mtime 1639048940.1504877
DEBUG 2022-05-31 05:23:18,348 autoreload 18652 140131663281152 File /usr/lib/python3.9/lib-dynload/termios.cpython-39-x86_64-linux-gnu.so first seen with mtime 1631285983.0
DEBUG 2022-05-31 05:23:18,348 autoreload 18652 140131663281152 File /usr/lib/python3.9/asyncio/base_subprocess.py first seen with mtime 1631285983.0
DEBUG 2022-05-31 05:23:18,348 autoreload 18652 140131663281152 File /usr/lib/python3.9/sre_constants.py first seen with mtime 1631285983.0
DEBUG 2022-05-31 05:23:18,348 autoreload 18652 140131663281152 File /home/aniket/.local/lib/python3.9/site-packages/django/contrib/auth/signals.py first seen with mtime 1653891629.7513375
DEBUG 2022-05-31 05:23:18,349 autoreload 18652 140131663281152 File /home/aniket/.local/lib/python3.9/site-packages/django/contrib/auth/middleware.py first seen with mtime 1653891629.7513375
DEBUG 2022-05-31 05:23:18,349 autoreload 18652 140131663281152 File /home/aniket/.local/lib/python3.9/site-packages/numpy/matrixlib/__init__.py first seen with mtime 1639140260.1113384
DEBUG 2022-05-31 05:23:18,349 autoreload 18652 140131663281152 File /usr/lib/python3.9/socketserver.py first seen with mtime 1631285983.0
DEBUG 2022-05-31 05:23:18,349 autoreload 18652 140131663281152 File /home/aniket/.local/lib/python3.9/site-packages/numpy/core/fromnumeric.py first seen with mtime 1639140259.9993312
DEBUG 2022-05-31 05:23:18,349 autoreload 18652 140131663281152 File /usr/lib/python3.9/asyncio/trsock.py first seen with mtime 1631285983.0
DEBUG 2022-05-31 05:23:18,349 autoreload 18652 140131663281152 File /home/aniket/.local/lib/python3.9/site-packages/numpy/core/_add_newdocs.py first seen with mtime 1639140259.9993312
DEBUG 2022-05-31 05:23:18,349 autoreload 18652 140131663281152 File /home/aniket/.local/lib/python3.9/site-packages/numpy/core/_add_newdocs_scalars.py first seen with mtime 1639140259.9913309
DEBUG 2022-05-31 05:23:18,349 autoreload 18652 140131663281152 File /home/aniket/.local/lib/python3.9/site-packages/numpy/ma/__init__.py first seen with mtime 1639140260.2513468
DEBUG 2022-05-31 05:23:18,349 autoreload 18652 140131663281152 File /usr/lib/python3.9/string.py first seen with mtime 1631285983.0
DEBUG 2022-05-31 05:23:18,349 autoreload 18652 140131663281152 File /usr/lib/python3.9/http/__init__.py first seen with mtime 1631285983.0
DEBUG 2022-05-31 05:23:18,349 autoreload 18652 140131663281152 File /home/aniket/.local/lib/python3.9/site-packages/numpy/random/bit_generator.cpython-39-x86_64-linux-gnu.so first seen with mtime 1639140260.1433403
DEBUG 2022-05-31 05:23:18,350 autoreload 18652 140131663281152 File /home/aniket/.local/lib/python3.9/site-packages/numpy/random/_pickle.py first seen with mtime 1639140260.1433403
DEBUG 2022-05-31 05:23:18,350 autoreload 18652 140131663281152 File /home/aniket/.local/lib/python3.9/site-packages/django_crontab/models.py first seen with mtime 1653894112.75633
DEBUG 2022-05-31 05:23:18,350 autoreload 18652 140131663281152 File /home/aniket/.local/lib/python3.9/site-packages/django/core/checks/caches.py first seen with mtime 1653891630.2078671
DEBUG 2022-05-31 05:23:18,350 autoreload 18652 140131663281152 File /home/aniket/.local/lib/python3.9/site-packages/django/views/__init__.py first seen with mtime 1653891630.3079827
DEBUG 2022-05-31 05:23:18,350 autoreload 18652 140131663281152 File /usr/lib/python3.9/sysconfig.py first seen with mtime 1631285983.0
DEBUG 2022-05-31 05:23:18,350 autoreload 18652 140131663281152 File /home/aniket/.local/lib/python3.9/site-packages/django/utils/_os.py first seen with mtime 1653891630.295969
DEBUG 2022-05-31 05:23:18,350 autoreload 18652 140131663281152 File /home/aniket/.local/lib/python3.9/site-packages/sqlparse/engine/grouping.py first seen with mtime 1639048940.1504877
DEBUG 2022-05-31 05:23:18,350 autoreload 18652 140131663281152 File /home/aniket/.local/lib/python3.9/site-packages/django/contrib/sessions/__init__.py first seen with mtime 1653891630.1077514
DEBUG 2022-05-31 05:23:18,350 autoreload 18652 140131663281152 File /home/aniket/.local/lib/python3.9/site-packages/django/core/checks/async_checks.py first seen with mtime 1653891630.2078671
DEBUG 2022-05-31 05:23:18,350 autoreload 18652 140131663281152 File /usr/lib/python3.9/html/__init__.py first seen with mtime 1631285983.0
DEBUG 2022-05-31 05:23:18,350 autoreload 18652 140131663281152 File /home/aniket/.local/lib/python3.9/site-packages/django/template/loaders/__init__.py first seen with mtime 1653891630.2879596
DEBUG 2022-05-31 05:23:18,350 autoreload 18652 140131663281152 File /home/aniket/.local/lib/python3.9/site-packages/django/utils/regex_helper.py first seen with mtime 1653891630.3039782
DEBUG 2022-05-31 05:23:18,350 autoreload 18652 140131663281152 File /home/aniket/.local/lib/python3.9/site-packages/sqlparse/__init__.py first seen with mtime 1639048940.1464841
DEBUG 2022-05-31 05:23:18,350 autoreload 18652 140131663281152 File /home/aniket/.local/lib/python3.9/site-packages/django/db/backends/__init__.py first seen with mtime 1653891630.2278903
DEBUG 2022-05-31 05:23:18,351 autoreload 18652 140131663281152 File /home/aniket/.local/lib/python3.9/site-packages/numpy/__init__.py first seen with mtime 1639140259.9713297
DEBUG 2022-05-31 05:23:18,351 autoreload 18652 140131663281152 File /home/aniket/.local/lib/python3.9/site-packages/django/contrib/sessions/middleware.py first seen with mtime 1653891630.111756
DEBUG 2022-05-31 05:23:18,351 autoreload 18652 140131663281152 File /home/aniket/.local/lib/python3.9/site-packages/django/urls/conf.py first seen with mtime 1653891630.2919643
DEBUG 2022-05-31 05:23:18,351 autoreload 18652 140131663281152 File /home/aniket/djangoProject/DjangoTest/FormView/apps.py first seen with mtime 1645419753.452923
DEBUG 2022-05-31 05:23:18,351 autoreload 18652 140131663281152 File /home/aniket/.local/lib/python3.9/site-packages/django/db/backends/signals.py first seen with mtime 1653891630.2278903
DEBUG 2022-05-31 05:23:18,351 autoreload 18652 140131663281152 File /usr/lib/python3.9/quopri.py first seen with mtime 1631285983.0
DEBUG 2022-05-31 05:23:18,351 autoreload 18652 140131663281152 File /home/aniket/.local/lib/python3.9/site-packages/django/core/checks/security/__init__.py first seen with mtime 1653891630.2118719
DEBUG 2022-05-31 05:23:18,351 autoreload 18652 140131663281152 File /home/aniket/.local/lib/python3.9/site-packages/numpy/version.py first seen with mtime 1639140259.9713297
DEBUG 2022-05-31 05:23:18,351 autoreload 18652 140131663281152 File /usr/lib/python3.9/operator.py first seen with mtime 1631285983.0
DEBUG 2022-05-31 05:23:18,351 autoreload 18652 140131663281152 File /usr/lib/python3.9/wsgiref/headers.py first seen with mtime 1631285983.0
DEBUG 2022-05-31 05:23:18,351 autoreload 18652 140131663281152 File /home/aniket/.local/lib/python3.9/site-packages/django/contrib/staticfiles/management/__init__.py first seen with mtime 1653891630.199858
DEBUG 2022-05-31 05:23:18,351 autoreload 18652 140131663281152 File /usr/lib/python3.9/glob.py first seen with mtime 1631285983.0
DEBUG 2022-05-31 05:23:18,351 autoreload 18652 140131663281152 File /home/aniket/.local/lib/python3.9/site-packages/django/contrib/contenttypes/apps.py first seen with mtime 1653891629.8114076
DEBUG 2022-05-31 05:23:18,351 autoreload 18652 140131663281152 File /usr/lib/python3.9/asyncio/streams.py first seen with mtime 1631285983.0
DEBUG 2022-05-31 05:23:18,352 autoreload 18652 140131663281152 File /usr/lib/python3.9/ipaddress.py first seen with mtime 1631285983.0
DEBUG 2022-05-31 05:23:18,352 autoreload 18652 140131663281152 File /home/aniket/.local/lib/python3.9/site-packages/django/utils/connection.py first seen with mtime 1653891630.295969
DEBUG 2022-05-31 05:23:18,352 autoreload 18652 140131663281152 File /usr/lib/python3.9/fractions.py first seen with mtime 1631285983.0
DEBUG 2022-05-31 05:23:18,352 autoreload 18652 140131663281152 File /usr/lib/python3.9/concurrent/__init__.py first seen with mtime 1631285983.0
DEBUG 2022-05-31 05:23:18,352 autoreload 18652 140131663281152 File /home/aniket/.local/lib/python3.9/site-packages/numpy/core/records.py first seen with mtime 1639140260.027333
DEBUG 2022-05-31 05:23:18,352 autoreload 18652 140131663281152 File /home/aniket/.local/lib/python3.9/site-packages/django/templatetags/l10n.py first seen with mtime 1653891630.2879596
DEBUG 2022-05-31 05:23:18,352 autoreload 18652 140131663281152 File /home/aniket/.local/lib/python3.9/site-packages/django/contrib/admin/models.py first seen with mtime 1653891629.5310814
DEBUG 2022-05-31 05:23:18,352 autoreload 18652 140131663281152 File /usr/lib/python3/dist-packages/colorama/win32.py first seen with mtime 1602564393.0
DEBUG 2022-05-31 05:23:18,352 autoreload 18652 140131663281152 File /home/aniket/.local/lib/python3.9/site-packages/django/db/backends/base/__init__.py first seen with mtime 1653891630.2278903
DEBUG 2022-05-31 05:23:18,352 autoreload 18652 140131663281152 File /home/aniket/.local/lib/python3.9/site-packages/django/utils/text.py first seen with mtime 1653891630.3039782
DEBUG 2022-05-31 05:23:18,352 autoreload 18652 140131663281152 File /home/aniket/.local/lib/python3.9/site-packages/django/contrib/sites/__init__.py first seen with mtime 1653891630.155807
DEBUG 2022-05-31 05:23:18,352 autoreload 18652 140131663281152 File /home/aniket/.local/lib/python3.9/site-packages/django/contrib/sessions/backends/__init__.py first seen with mtime 1653891630.111756
DEBUG 2022-05-31 05:23:18,352 autoreload 18652 140131663281152 File /home/aniket/.local/lib/python3.9/site-packages/asgiref/__init__.py first seen with mtime 1653891621.477433
DEBUG 2022-05-31 05:23:18,353 autoreload 18652 140131663281152 File /usr/lib/python3.9/json/decoder.py first seen with mtime 1631285983.0
DEBUG 2022-05-31 05:23:18,353 autoreload 18652 140131663281152 File /home/aniket/.local/lib/python3.9/site-packages/django/contrib/messages/__init__.py first seen with mtime 1653891630.0236542
DEBUG 2022-05-31 05:23:18,353 autoreload 18652 140131663281152 File /usr/lib/python3.9/lib-dynload/_opcode.cpython-39-x86_64-linux-gnu.so first seen with mtime 1631285983.0
DEBUG 2022-05-31 05:23:18,353 autoreload 18652 140131663281152 File /home/aniket/.local/lib/python3.9/site-packages/numpy/lib/format.py first seen with mtime 1639140260.1673417
DEBUG 2022-05-31 05:23:18,353 autoreload 18652 140131663281152 File /usr/lib/python3.9/asyncio/exceptions.py first seen with mtime 1631285983.0
DEBUG 2022-05-31 05:23:18,353 autoreload 18652 140131663281152 File /home/aniket/.local/lib/python3.9/site-packages/django/utils/encoding.py first seen with mtime 1653891630.2999735
DEBUG 2022-05-31 05:23:18,353 autoreload 18652 140131663281152 File /home/aniket/.local/lib/python3.9/site-packages/django/core/wsgi.py first seen with mtime 1653891630.2038624
DEBUG 2022-05-31 05:23:18,353 autoreload 18652 140131663281152 File /home/aniket/.local/lib/python3.9/site-packages/django/views/decorators/__init__.py first seen with mtime 1653891630.3079827
DEBUG 2022-05-31 05:23:18,353 autoreload 18652 140131663281152 File /home/aniket/.local/lib/python3.9/site-packages/django/db/models/aggregates.py first seen with mtime 1653891630.243909
DEBUG 2022-05-31 05:23:18,353 autoreload 18652 140131663281152 File /usr/lib/python3.9/email/mime/base.py first seen with mtime 1631285983.0
DEBUG 2022-05-31 05:23:18,353 autoreload 18652 140131663281152 File /home/aniket/.local/lib/python3.9/site-packages/django/http/cookie.py first seen with mtime 1653891630.2759457
DEBUG 2022-05-31 05:23:18,353 autoreload 18652 140131663281152 File /home/aniket/.local/lib/python3.9/site-packages/django/contrib/admin/templatetags/admin_list.py first seen with mtime 1653891629.6912677
DEBUG 2022-05-31 05:23:18,353 autoreload 18652 140131663281152 File /home/aniket/.local/lib/python3.9/site-packages/numpy/matrixlib/defmatrix.py first seen with mtime 1639140260.1113384
DEBUG 2022-05-31 05:23:18,353 autoreload 18652 140131663281152 File /home/aniket/.local/lib/python3.9/site-packages/django/contrib/admin/__init__.py first seen with mtime 1653891629.5270767
DEBUG 2022-05-31 05:23:18,353 autoreload 18652 140131663281152 File /home/aniket/.local/lib/python3.9/site-packages/django/templatetags/i18n.py first seen with mtime 1653891630.2879596
DEBUG 2022-05-31 05:23:18,354 autoreload 18652 140131663281152 File /home/aniket/.local/lib/python3.9/site-packages/django/core/management/commands/runserver.py first seen with mtime 1653891630.219881
DEBUG 2022-05-31 05:23:18,354 autoreload 18652 140131663281152 File /usr/lib/python3.9/email/mime/multipart.py first seen with mtime 1631285983.0
DEBUG 2022-05-31 05:23:18,354 autoreload 18652 140131663281152 File /usr/lib/python3.9/datetime.py first seen with mtime 1631285983.0
DEBUG 2022-05-31 05:23:18,354 autoreload 18652 140131663281152 File /home/aniket/.local/lib/python3.9/site-packages/django/core/validators.py first seen with mtime 1653891630.2038624
DEBUG 2022-05-31 05:23:18,354 autoreload 18652 140131663281152 File /usr/lib/python3.9/asyncio/format_helpers.py first seen with mtime 1631285983.0
DEBUG 2022-05-31 05:23:18,354 autoreload 18652 140131663281152 File /home/aniket/.local/lib/python3.9/site-packages/django/apps/registry.py first seen with mtime 1653891629.414946
DEBUG 2022-05-31 05:23:18,354 autoreload 18652 140131663281152 File /home/aniket/.local/lib/python3.9/site-packages/numpy/polynomial/__init__.py first seen with mtime 1639140259.9873307
DEBUG 2022-05-31 05:23:18,354 autoreload 18652 140131663281152 File /usr/lib/python3.9/http/client.py first seen with mtime 1631285983.0
DEBUG 2022-05-31 05:23:18,354 autoreload 18652 140131663281152 File /usr/lib/python3.9/lib-dynload/_contextvars.cpython-39-x86_64-linux-gnu.so first seen with mtime 1631285983.0
DEBUG 2022-05-31 05:23:18,354 autoreload 18652 140131663281152 File /home/aniket/.local/lib/python3.9/site-packages/django/db/backends/base/features.py first seen with mtime 1653891630.2278903
DEBUG 2022-05-31 05:23:18,354 autoreload 18652 140131663281152 File /home/aniket/.local/lib/python3.9/site-packages/django/contrib/auth/admin.py first seen with mtime 1653891629.747333
DEBUG 2022-05-31 05:23:18,354 autoreload 18652 140131663281152 File /home/aniket/.local/lib/python3.9/site-packages/django/forms/models.py first seen with mtime 1653891630.2599273
DEBUG 2022-05-31 05:23:18,354 autoreload 18652 140131663281152 File /home/aniket/.local/lib/python3.9/site-packages/numpy/_distributor_init.py first seen with mtime 1639140259.9713297
DEBUG 2022-05-31 05:23:18,354 autoreload 18652 140131663281152 File /usr/lib/python3.9/inspect.py first seen with mtime 1631285983.0
DEBUG 2022-05-31 05:23:18,354 autoreload 18652 140131663281152 File /home/aniket/.local/lib/python3.9/site-packages/django/urls/resolvers.py first seen with mtime 1653891630.295969
DEBUG 2022-05-31 05:23:18,355 autoreload 18652 140131663281152 File /usr/lib/python3.9/selectors.py first seen with mtime 1631285983.0
DEBUG 2022-05-31 05:23:18,355 autoreload 18652 140131663281152 File /home/aniket/.local/lib/python3.9/site-packages/django/db/models/functions/comparison.py first seen with mtime 1653891630.251918
DEBUG 2022-05-31 05:23:18,355 autoreload 18652 140131663281152 File /home/aniket/.local/lib/python3.9/site-packages/django/templatetags/cache.py first seen with mtime 1653891630.2879596
DEBUG 2022-05-31 05:23:18,355 autoreload 18652 140131663281152 File /usr/lib/python3.9/signal.py first seen with mtime 1631285983.0
DEBUG 2022-05-31 05:23:18,355 autoreload 18652 140131663281152 File /usr/lib/python3.9/platform.py first seen with mtime 1631285983.0
DEBUG 2022-05-31 05:23:18,355 autoreload 18652 140131663281152 File /home/aniket/.local/lib/python3.9/site-packages/django/utils/dateparse.py first seen with mtime 1653891630.295969
DEBUG 2022-05-31 05:23:18,355 autoreload 18652 140131663281152 File /home/aniket/.local/lib/python3.9/site-packages/django/core/serializers/json.py first seen with mtime 1653891630.2238855
DEBUG 2022-05-31 05:23:18,355 autoreload 18652 140131663281152 File /home/aniket/.local/lib/python3.9/site-packages/numpy/core/_multiarray_umath.cpython-39-x86_64-linux-gnu.so first seen with mtime 1639140260.0673356
DEBUG 2022-05-31 05:23:18,355 autoreload 18652 140131663281152 File /home/aniket/.local/lib/python3.9/site-packages/numpy/random/mtrand.cpython-39-x86_64-linux-gnu.so first seen with mtime 1639140260.1193388
DEBUG 2022-05-31 05:23:18,355 autoreload 18652 140131663281152 File /home/aniket/.local/lib/python3.9/site-packages/django/urls/base.py first seen with mtime 1653891630.2919643
DEBUG 2022-05-31 05:23:18,355 autoreload 18652 140131663281152 File /home/aniket/.local/lib/python3.9/site-packages/django/template/loaders/app_directories.py first seen with mtime 1653891630.2879596
DEBUG 2022-05-31 05:23:18,355 autoreload 18652 140131663281152 File /home/aniket/.local/lib/python3.9/site-packages/django/contrib/messages/constants.py first seen with mtime 1653891630.0236542
DEBUG 2022-05-31 05:23:18,355 autoreload 18652 140131663281152 File /usr/lib/python3.9/email/header.py first seen with mtime 1631285983.0
DEBUG 2022-05-31 05:23:18,355 autoreload 18652 140131663281152 File /home/aniket/.local/lib/python3.9/site-packages/django/db/models/sql/subqueries.py first seen with mtime 1653891630.2559226
DEBUG 2022-05-31 05:23:18,355 autoreload 18652 140131663281152 File /home/aniket/.local/lib/python3.9/site-packages/numpy/core/shape_base.py first seen with mtime 1639140260.0233328
DEBUG 2022-05-31 05:23:18,356 autoreload 18652 140131663281152 File /home/aniket/.local/lib/python3.9/site-packages/numpy/fft/helper.py first seen with mtime 1639140260.2473466
DEBUG 2022-05-31 05:23:18,356 autoreload 18652 140131663281152 File /usr/lib/python3.9/unittest/main.py first seen with mtime 1631285983.0
DEBUG 2022-05-31 05:23:18,356 autoreload 18652 140131663281152 File /home/aniket/.local/lib/python3.9/site-packages/django/db/backends/base/introspection.py first seen with mtime 1653891630.2278903
DEBUG 2022-05-31 05:23:18,356 autoreload 18652 140131663281152 File /home/aniket/.local/lib/python3.9/site-packages/django/core/__init__.py first seen with mtime 1653891630.2038624
DEBUG 2022-05-31 05:23:18,356 autoreload 18652 140131663281152 File /home/aniket/.local/lib/python3.9/site-packages/django/contrib/sessions/base_session.py first seen with mtime 1653891630.1077514
DEBUG 2022-05-31 05:23:18,356 autoreload 18652 140131663281152 File /home/aniket/.local/lib/python3.9/site-packages/django/apps/__init__.py first seen with mtime 1653891629.414946
DEBUG 2022-05-31 05:23:18,356 autoreload 18652 140131663281152 File /home/aniket/.local/lib/python3.9/site-packages/django/db/models/enums.py first seen with mtime 1653891630.2479134
DEBUG 2022-05-31 05:23:18,356 autoreload 18652 140131663281152 File /home/aniket/.local/lib/python3.9/site-packages/django/forms/renderers.py first seen with mtime 1653891630.2599273
DEBUG 2022-05-31 05:23:18,356 autoreload 18652 140131663281152 File /home/aniket/.local/lib/python3.9/site-packages/django/contrib/admin/templatetags/log.py first seen with mtime 1653891629.6952724
DEBUG 2022-05-31 05:23:18,356 autoreload 18652 140131663281152 File /home/aniket/.local/lib/python3.9/site-packages/numpy/lib/utils.py first seen with mtime 1639140260.1793425
DEBUG 2022-05-31 05:23:18,356 autoreload 18652 140131663281152 File /usr/lib/python3.9/email/iterators.py first seen with mtime 1631285983.0
DEBUG 2022-05-31 05:23:18,356 autoreload 18652 140131663281152 File /usr/lib/python3.9/http/cookies.py first seen with mtime 1631285983.0
DEBUG 2022-05-31 05:23:18,356 autoreload 18652 140131663281152 File /usr/lib/python3.9/zoneinfo/__init__.py first seen with mtime 1631285983.0
DEBUG 2022-05-31 05:23:18,356 autoreload 18652 140131663281152 File /home/aniket/.local/lib/python3.9/site-packages/django/db/backends/base/client.py first seen with mtime 1653891630.2278903
DEBUG 2022-05-31 05:23:18,356 autoreload 18652 140131663281152 File /home/aniket/.local/lib/python3.9/site-packages/django/forms/forms.py first seen with mtime 1653891630.2599273
DEBUG 2022-05-31 05:23:18,357 autoreload 18652 140131663281152 File /usr/lib/python3.9/heapq.py first seen with mtime 1631285983.0
DEBUG 2022-05-31 05:23:18,357 autoreload 18652 140131663281152 File /home/aniket/djangoProject/DjangoTest/DjangoTest/settings.py first seen with mtime 1653971273.259081
DEBUG 2022-05-31 05:23:18,357 autoreload 18652 140131663281152 File /home/aniket/.local/lib/python3.9/site-packages/django/urls/utils.py first seen with mtime 1653891630.295969
DEBUG 2022-05-31 05:23:18,357 autoreload 18652 140131663281152 File /usr/lib/python3.9/random.py first seen with mtime 1631285983.0
DEBUG 2022-05-31 05:23:18,357 autoreload 18652 140131663281152 File /usr/lib/python3.9/asyncio/unix_events.py first seen with mtime 1631285983.0
DEBUG 2022-05-31 05:23:18,357 autoreload 18652 140131663281152 File /home/aniket/.local/lib/python3.9/site-packages/django/views/debug.py first seen with mtime 1653891630.3079827
DEBUG 2022-05-31 05:23:18,357 autoreload 18652 140131663281152 File /home/aniket/.local/lib/python3.9/site-packages/django/utils/inspect.py first seen with mtime 1653891630.2999735
DEBUG 2022-05-31 05:23:18,357 autoreload 18652 140131663281152 File /home/aniket/.local/lib/python3.9/site-packages/django/db/utils.py first seen with mtime 1653891630.2278903
DEBUG 2022-05-31 05:23:18,357 autoreload 18652 140131663281152 File /usr/lib/python3.9/zoneinfo/_tzpath.py first seen with mtime 1631285983.0
DEBUG 2022-05-31 05:23:18,357 autoreload 18652 140131663281152 File /home/aniket/.local/lib/python3.9/site-packages/django/template/loader_tags.py first seen with mtime 1653891630.283955
DEBUG 2022-05-31 05:23:18,357 autoreload 18652 140131663281152 File /home/aniket/.local/lib/python3.9/site-packages/django/http/request.py first seen with mtime 1653891630.2799504
DEBUG 2022-05-31 05:23:18,357 autoreload 18652 140131663281152 File /home/aniket/.local/lib/python3.9/site-packages/django/contrib/contenttypes/checks.py first seen with mtime 1653891629.8114076
DEBUG 2022-05-31 05:23:18,357 autoreload 18652 140131663281152 File /home/aniket/.local/lib/python3.9/site-packages/django/template/base.py first seen with mtime 1653891630.283955
DEBUG 2022-05-31 05:23:18,357 autoreload 18652 140131663281152 File /usr/lib/python3.9/threading.py first seen with mtime 1631285983.0
DEBUG 2022-05-31 05:23:18,357 autoreload 18652 140131663281152 File /home/aniket/.local/lib/python3.9/site-packages/django/__init__.py first seen with mtime 1653891629.414946
DEBUG 2022-05-31 05:23:18,358 autoreload 18652 140131663281152 File /home/aniket/.local/lib/python3.9/site-packages/django/db/models/fields/json.py first seen with mtime 1653891630.251918
DEBUG 2022-05-31 05:23:18,358 autoreload 18652 140131663281152 File /home/aniket/.local/lib/python3.9/site-packages/django/middleware/cache.py first seen with mtime 1653891630.2799504
DEBUG 2022-05-31 05:23:18,358 autoreload 18652 140131663281152 File /usr/lib/python3.9/token.py first seen with mtime 1631285983.0
DEBUG 2022-05-31 05:23:18,358 autoreload 18652 140131663281152 File /home/aniket/.local/lib/python3.9/site-packages/django/utils/timesince.py first seen with mtime 1653891630.3039782
DEBUG 2022-05-31 05:23:18,358 autoreload 18652 140131663281152 File /home/aniket/.local/lib/python3.9/site-packages/django/core/cache/backends/filebased.py first seen with mtime 1653891630.2078671
DEBUG 2022-05-31 05:23:18,358 autoreload 18652 140131663281152 File /usr/lib/python3.9/concurrent/futures/_base.py first seen with mtime 1631285983.0
DEBUG 2022-05-31 05:23:18,358 autoreload 18652 140131663281152 File /usr/lib/python3.9/queue.py first seen with mtime 1631285983.0
DEBUG 2022-05-31 05:23:18,358 autoreload 18652 140131663281152 File /usr/lib/python3.9/lib-dynload/_lzma.cpython-39-x86_64-linux-gnu.so first seen with mtime 1631285983.0
DEBUG 2022-05-31 05:23:18,358 autoreload 18652 140131663281152 File /home/aniket/.local/lib/python3.9/site-packages/django/core/mail/message.py first seen with mtime 1653891630.2158763
DEBUG 2022-05-31 05:23:18,358 autoreload 18652 140131663281152 File /usr/lib/python3.9/email/feedparser.py first seen with mtime 1631285983.0
DEBUG 2022-05-31 05:23:18,358 autoreload 18652 140131663281152 File /home/aniket/.local/lib/python3.9/site-packages/django/core/serializers/base.py first seen with mtime 1653891630.2238855
DEBUG 2022-05-31 05:23:18,358 autoreload 18652 140131663281152 File /home/aniket/.local/lib/python3.9/site-packages/sqlparse/filters/__init__.py first seen with mtime 1639048940.1504877
DEBUG 2022-05-31 05:23:18,358 autoreload 18652 140131663281152 File /usr/lib/python3.9/asyncio/locks.py first seen with mtime 1631285983.0
DEBUG 2022-05-31 05:23:18,358 autoreload 18652 140131663281152 File /home/aniket/.local/lib/python3.9/site-packages/django/template/backends/base.py first seen with mtime 1653891630.283955
DEBUG 2022-05-31 05:23:18,359 autoreload 18652 140131663281152 File /usr/lib/python3.9/importlib/util.py first seen with mtime 1631285983.0
DEBUG 2022-05-31 05:23:18,359 autoreload 18652 140131663281152 File /home/aniket/.local/lib/python3.9/site-packages/django/db/models/sql/query.py first seen with mtime 1653891630.2559226
DEBUG 2022-05-31 05:23:18,359 autoreload 18652 140131663281152 File /home/aniket/.local/lib/python3.9/site-packages/django/template/utils.py first seen with mtime 1653891630.283955
DEBUG 2022-05-31 05:23:18,359 autoreload 18652 140131663281152 File /home/aniket/.local/lib/python3.9/site-packages/django/db/models/sql/datastructures.py first seen with mtime 1653891630.2559226
DEBUG 2022-05-31 05:23:18,359 autoreload 18652 140131663281152 File /usr/lib/python3.9/wsgiref/__init__.py first seen with mtime 1631285983.0
DEBUG 2022-05-31 05:23:18,359 autoreload 18652 140131663281152 File /home/aniket/.local/lib/python3.9/site-packages/django/db/backends/base/validation.py first seen with mtime 1653891630.2278903
DEBUG 2022-05-31 05:23:18,359 autoreload 18652 140131663281152 File /usr/lib/python3.9/typing.py first seen with mtime 1631285983.0
DEBUG 2022-05-31 05:23:18,359 autoreload 18652 140131663281152 File /home/aniket/.local/lib/python3.9/site-packages/django/views/decorators/debug.py first seen with mtime 1653891630.3079827
DEBUG 2022-05-31 05:23:18,359 autoreload 18652 140131663281152 File /home/aniket/.local/lib/python3.9/site-packages/django/contrib/admin/views/main.py first seen with mtime 1653891629.6952724
DEBUG 2022-05-31 05:23:18,359 autoreload 18652 140131663281152 File /home/aniket/.local/lib/python3.9/site-packages/django/db/migrations/exceptions.py first seen with mtime 1653891630.2399042
DEBUG 2022-05-31 05:23:18,359 autoreload 18652 140131663281152 File /home/aniket/.local/lib/python3.9/site-packages/numpy/lib/arraypad.py first seen with mtime 1639140260.1753423
DEBUG 2022-05-31 05:23:18,359 autoreload 18652 140131663281152 File /usr/lib/python3.9/pickle.py first seen with mtime 1631285983.0
DEBUG 2022-05-31 05:23:18,359 autoreload 18652 140131663281152 File /usr/lib/python3.9/asyncio/runners.py first seen with mtime 1631285983.0
DEBUG 2022-05-31 05:23:18,360 autoreload 18652 140131663281152 File /home/aniket/.local/lib/python3.9/site-packages/django/templatetags/static.py first seen with mtime 1653891630.2879596
DEBUG 2022-05-31 05:23:18,360 autoreload 18652 140131663281152 File /usr/lib/python3.9/email/_policybase.py first seen with mtime 1631285983.0
DEBUG 2022-05-31 05:23:18,360 autoreload 18652 140131663281152 File /usr/lib/python3.9/ssl.py first seen with mtime 1631285983.0
DEBUG 2022-05-31 05:23:18,360 autoreload 18652 140131663281152 File /usr/lib/python3.9/lzma.py first seen with mtime 1631285983.0
DEBUG 2022-05-31 05:23:18,360 autoreload 18652 140131663281152 File /usr/lib/python3.9/reprlib.py first seen with mtime 1631285983.0
DEBUG 2022-05-31 05:23:18,360 autoreload 18652 140131663281152 File /usr/lib/python3.9/_sysconfigdata__x86_64-linux-gnu.py first seen with mtime 1631285983.0
DEBUG 2022-05-31 05:23:18,360 autoreload 18652 140131663281152 File /usr/lib/python3.9/_compression.py first seen with mtime 1631285983.0
DEBUG 2022-05-31 05:23:18,360 autoreload 18652 140131663281152 File /home/aniket/.local/lib/python3.9/site-packages/django/contrib/auth/apps.py first seen with mtime 1653891629.747333
DEBUG 2022-05-31 05:23:18,360 autoreload 18652 140131663281152 File /home/aniket/.local/lib/python3.9/site-packages/numpy/ma/extras.py first seen with mtime 1639140260.2473466
DEBUG 2022-05-31 05:23:18,360 autoreload 18652 140131663281152 File /home/aniket/djangoProject/DjangoTest/FormView/views.py first seen with mtime 1653974597.4323676
DEBUG 2022-05-31 05:23:18,360 autoreload 18652 140131663281152 File /usr/lib/python3.9/asyncio/staggered.py first seen with mtime 1631285983.0
DEBUG 2022-05-31 05:23:18,360 autoreload 18652 140131663281152 File /home/aniket/djangoProject/DjangoTest/DjangoTest/urls.py first seen with mtime 1645420114.4811332
DEBUG 2022-05-31 05:23:18,360 autoreload 18652 140131663281152 File /usr/lib/python3.9/email/_header_value_parser.py first seen with mtime 1631285983.0
DEBUG 2022-05-31 05:23:18,360 autoreload 18652 140131663281152 File /home/aniket/.local/lib/python3.9/site-packages/django/contrib/contenttypes/views.py first seen with mtime 1653891629.8114076
DEBUG 2022-05-31 05:23:18,360 autoreload 18652 140131663281152 File /home/aniket/.local/lib/python3.9/site-packages/django/core/management/commands/__init__.py first seen with mtime 1653891630.2158763
DEBUG 2022-05-31 05:23:18,361 autoreload 18652 140131663281152 File /usr/lib/python3.9/warnings.py first seen with mtime 1631285983.0
DEBUG 2022-05-31 05:23:18,361 autoreload 18652 140131663281152 File /home/aniket/.local/lib/python3.9/site-packages/django/utils/timezone.py first seen with mtime 1653891630.3039782
DEBUG 2022-05-31 05:23:18,361 autoreload 18652 140131663281152 File /home/aniket/.local/lib/python3.9/site-packages/numpy/_pytesttester.py first seen with mtime 1639140259.9713297
DEBUG 2022-05-31 05:23:18,361 autoreload 18652 140131663281152 File /home/aniket/.local/lib/python3.9/site-packages/numpy/lib/nanfunctions.py first seen with mtime 1639140260.1753423
DEBUG 2022-05-31 05:23:18,361 autoreload 18652 140131663281152 File /home/aniket/.local/lib/python3.9/site-packages/numpy/linalg/_umath_linalg.cpython-39-x86_64-linux-gnu.so first seen with mtime 1639140260.1633415
DEBUG 2022-05-31 05:23:18,361 autoreload 18652 140131663281152 File /usr/lib/python3.9/urllib/parse.py first seen with mtime 1631285983.0
DEBUG 2022-05-31 05:23:18,361 autoreload 18652 140131663281152 File /usr/lib/python3.9/numbers.py first seen with mtime 1631285983.0
DEBUG 2022-05-31 05:23:18,361 autoreload 18652 140131663281152 File /home/aniket/.local/lib/python3.9/site-packages/django/contrib/admin/templatetags/base.py first seen with mtime 1653891629.6952724
DEBUG 2022-05-31 05:23:18,361 autoreload 18652 140131663281152 File /home/aniket/.local/lib/python3.9/site-packages/django/core/handlers/base.py first seen with mtime 1653891630.2118719
DEBUG 2022-05-31 05:23:18,361 autoreload 18652 140131663281152 File /usr/lib/python3.9/contextvars.py first seen with mtime 1631285983.0
DEBUG 2022-05-31 05:23:18,361 autoreload 18652 140131663281152 File /usr/lib/python3.9/wsgiref/handlers.py first seen with mtime 1631285983.0
DEBUG 2022-05-31 05:23:18,361 autoreload 18652 140131663281152 File /usr/lib/python3.9/calendar.py first seen with mtime 1631285983.0
DEBUG 2022-05-31 05:23:18,361 autoreload 18652 140131663281152 File /usr/lib/python3.9/asyncio/subprocess.py first seen with mtime 1631285983.0
DEBUG 2022-05-31 05:23:18,361 autoreload 18652 140131663281152 File /usr/lib/python3.9/urllib/__init__.py first seen with mtime 1631285983.0
DEBUG 2022-05-31 05:23:18,361 autoreload 18652 140131663281152 File /home/aniket/.local/lib/python3.9/site-packages/numpy/polynomial/hermite_e.py first seen with mtime 1639140259.9873307
DEBUG 2022-05-31 05:23:18,362 autoreload 18652 140131663281152 File /home/aniket/.local/lib/python3.9/site-packages/django/contrib/sessions/apps.py first seen with mtime 1653891630.1077514
DEBUG 2022-05-31 05:23:18,362 autoreload 18652 140131663281152 File /usr/lib/python3.9/urllib/error.py first seen with mtime 1631285983.0
DEBUG 2022-05-31 05:23:18,362 autoreload 18652 140131663281152 File /usr/lib/python3.9/uuid.py first seen with mtime 1631285983.0
DEBUG 2022-05-31 05:23:18,362 autoreload 18652 140131663281152 File /home/aniket/.local/lib/python3.9/site-packages/django/db/models/functions/__init__.py first seen with mtime 1653891630.251918
DEBUG 2022-05-31 05:23:18,362 autoreload 18652 140131663281152 File /usr/lib/python3.9/hashlib.py first seen with mtime 1631285983.0
DEBUG 2022-05-31 05:23:18,362 autoreload 18652 140131663281152 File /usr/lib/python3.9/ast.py first seen with mtime 1631285983.0
DEBUG 2022-05-31 05:23:18,362 autoreload 18652 140131663281152 File /usr/lib/python3.9/unittest/suite.py first seen with mtime 1631285983.0
DEBUG 2022-05-31 05:23:18,362 autoreload 18652 140131663281152 File /usr/lib/python3.9/asyncio/sslproto.py first seen with mtime 1631285983.0
DEBUG 2022-05-31 05:23:18,362 autoreload 18652 140131663281152 File /home/aniket/.local/lib/python3.9/site-packages/django/core/cache/backends/base.py first seen with mtime 1653891630.2038624
DEBUG 2022-05-31 05:23:18,362 autoreload 18652 140131663281152 File /usr/lib/python3.9/secrets.py first seen with mtime 1631285983.0
DEBUG 2022-05-31 05:23:18,362 autoreload 18652 140131663281152 File /usr/lib/python3.9/json/encoder.py first seen with mtime 1631285983.0
DEBUG 2022-05-31 05:23:18,362 autoreload 18652 140131663281152 File /home/aniket/.local/lib/python3.9/site-packages/django/db/backends/base/creation.py first seen with mtime 1653891630.2278903
DEBUG 2022-05-31 05:23:18,362 autoreload 18652 140131663281152 File /usr/lib/python3.9/email/errors.py first seen with mtime 1631285983.0
DEBUG 2022-05-31 05:23:18,362 autoreload 18652 140131663281152 File /usr/lib/python3.9/asyncio/base_tasks.py first seen with mtime 1631285983.0
DEBUG 2022-05-31 05:23:18,362 autoreload 18652 140131663281152 File /usr/lib/python3.9/copyreg.py first seen with mtime 1631285983.0
DEBUG 2022-05-31 05:23:18,363 autoreload 18652 140131663281152 File /home/aniket/.local/lib/python3.9/site-packages/numpy/linalg/__init__.py first seen with mtime 1639140260.1593413
DEBUG 2022-05-31 05:23:18,363 autoreload 18652 140131663281152 File /usr/lib/python3.9/cgi.py first seen with mtime 1631285983.0
DEBUG 2022-05-31 05:23:18,363 autoreload 18652 140131663281152 File /home/aniket/.local/lib/python3.9/site-packages/django/core/checks/translation.py first seen with mtime 1653891630.2078671
DEBUG 2022-05-31 05:23:18,363 autoreload 18652 140131663281152 File /usr/lib/python3.9/concurrent/futures/__init__.py first seen with mtime 1631285983.0
DEBUG 2022-05-31 05:23:18,363 autoreload 18652 140131663281152 File /usr/lib/python3.9/email/mime/nonmultipart.py first seen with mtime 1631285983.0
DEBUG 2022-05-31 05:23:18,363 autoreload 18652 140131663281152 File /home/aniket/.local/lib/python3.9/site-packages/django/db/models/fields/proxy.py first seen with mtime 1653891630.251918
DEBUG 2022-05-31 05:23:18,363 autoreload 18652 140131663281152 File /home/aniket/.local/lib/python3.9/site-packages/django/utils/http.py first seen with mtime 1653891630.2999735
DEBUG 2022-05-31 05:23:18,363 autoreload 18652 140131663281152 File /home/aniket/.local/lib/python3.9/site-packages/asgiref/current_thread_executor.py first seen with mtime 1653891621.477433
DEBUG 2022-05-31 05:23:18,363 autoreload 18652 140131663281152 File /usr/lib/python3.9/email/encoders.py first seen with mtime 1631285983.0
DEBUG 2022-05-31 05:23:18,363 autoreload 18652 140131663281152 File /usr/lib/python3.9/abc.py first seen with mtime 1631285983.0
DEBUG 2022-05-31 05:23:18,363 autoreload 18652 140131663281152 File /usr/lib/python3.9/unittest/signals.py first seen with mtime 1631285983.0
DEBUG 2022-05-31 05:23:18,363 autoreload 18652 140131663281152 File /home/aniket/.local/lib/python3.9/site-packages/django/contrib/staticfiles/finders.py first seen with mtime 1653891630.199858
DEBUG 2022-05-31 05:23:18,363 autoreload 18652 140131663281152 File /usr/lib/python3.9/asyncio/queues.py first seen with mtime 1631285983.0
DEBUG 2022-05-31 05:23:18,363 autoreload 18652 140131663281152 File /usr/lib/python3.9/email/message.py first seen with mtime 1631285983.0
DEBUG 2022-05-31 05:23:18,363 autoreload 18652 140131663281152 File /usr/lib/python3.9/_markupbase.py first seen with mtime 1631285983.0
DEBUG 2022-05-31 05:23:18,363 autoreload 18652 140131663281152 File /usr/lib/python3.9/contextlib.py first seen with mtime 1631285983.0
DEBUG 2022-05-31 05:23:18,364 autoreload 18652 140131663281152 File /home/aniket/.local/lib/python3.9/site-packages/django/template/smartif.py first seen with mtime 1653891630.283955
DEBUG 2022-05-31 05:23:18,364 autoreload 18652 140131663281152 File /usr/lib/python3.9/tempfile.py first seen with mtime 1631285983.0
DEBUG 2022-05-31 05:23:18,364 autoreload 18652 140131663281152 File /usr/lib/python3.9/email/_encoded_words.py first seen with mtime 1631285983.0
DEBUG 2022-05-31 05:23:18,364 autoreload 18652 140131663281152 File /home/aniket/.local/lib/python3.9/site-packages/django/contrib/messages/apps.py first seen with mtime 1653891630.0236542
DEBUG 2022-05-31 05:23:18,364 autoreload 18652 140131663281152 File /home/aniket/.local/lib/python3.9/site-packages/numpy/random/_generator.cpython-39-x86_64-linux-gnu.so first seen with mtime 1639140260.1313396
DEBUG 2022-05-31 05:23:18,364 autoreload 18652 140131663281152 File /home/aniket/.local/lib/python3.9/site-packages/django/forms/fields.py first seen with mtime 1653891630.2599273
DEBUG 2022-05-31 05:23:18,364 autoreload 18652 140131663281152 File /home/aniket/.local/lib/python3.9/site-packages/django/db/models/functions/math.py first seen with mtime 1653891630.2559226
DEBUG 2022-05-31 05:23:18,364 autoreload 18652 140131663281152 File /home/aniket/.local/lib/python3.9/site-packages/numpy/core/multiarray.py first seen with mtime 1639140259.995331
DEBUG 2022-05-31 05:23:18,364 autoreload 18652 140131663281152 File /home/aniket/.local/lib/python3.9/site-packages/django/contrib/admin/templatetags/admin_urls.py first seen with mtime 1653891629.6952724
DEBUG 2022-05-31 05:23:18,364 autoreload 18652 140131663281152 File /home/aniket/.local/lib/python3.9/site-packages/django/contrib/admin/apps.py first seen with mtime 1653891629.5270767
DEBUG 2022-05-31 05:23:18,364 autoreload 18652 140131663281152 File /home/aniket/.local/lib/python3.9/site-packages/django/db/backends/base/schema.py first seen with mtime 1653891630.2278903
DEBUG 2022-05-31 05:23:18,364 autoreload 18652 140131663281152 File /usr/lib/python3.9/io.py first seen with mtime 1631285983.0
DEBUG 2022-05-31 05:23:18,364 autoreload 18652 140131663281152 File /usr/lib/python3.9/collections/__init__.py first seen with mtime 1631285983.0
DEBUG 2022-05-31 05:23:18,364 autoreload 18652 140131663281152 File /usr/lib/python3.9/lib-dynload/_bz2.cpython-39-x86_64-linux-gnu.so first seen with mtime 1631285983.0
DEBUG 2022-05-31 05:23:18,365 autoreload 18652 140131663281152 File /home/aniket/.local/lib/python3.9/site-packages/django/db/backends/sqlite3/__init__.py first seen with mtime 1653891630.2358994
DEBUG 2022-05-31 05:23:18,365 autoreload 18652 140131663281152 File /usr/lib/python3.9/lib-dynload/_ssl.cpython-39-x86_64-linux-gnu.so first seen with mtime 1631285983.0
DEBUG 2022-05-31 05:23:18,365 autoreload 18652 140131663281152 File /home/aniket/.local/lib/python3.9/site-packages/django_crontab/__init__.py first seen with mtime 1653894112.75633
DEBUG 2022-05-31 05:23:18,365 autoreload 18652 140131663281152 File /home/aniket/.local/lib/python3.9/site-packages/django/core/management/__init__.py first seen with mtime 1653891630.2158763
DEBUG 2022-05-31 05:23:18,365 autoreload 18652 140131663281152 File /usr/lib/python3.9/functools.py first seen with mtime 1631285983.0
DEBUG 2022-05-31 05:23:18,365 autoreload 18652 140131663281152 File /usr/lib/python3.9/ctypes/__init__.py first seen with mtime 1631285983.0
DEBUG 2022-05-31 05:23:18,365 autoreload 18652 140131663281152 File /home/aniket/.local/lib/python3.9/site-packages/sqlparse/lexer.py first seen with mtime 1639048940.1504877
DEBUG 2022-05-31 05:23:18,365 autoreload 18652 140131663281152 File /home/aniket/.local/lib/python3.9/site-packages/django/db/backends/base/operations.py first seen with mtime 1653891630.2278903
DEBUG 2022-05-31 05:23:18,365 autoreload 18652 140131663281152 File /home/aniket/.local/lib/python3.9/site-packages/numpy/lib/polynomial.py first seen with mtime 1639140260.171342
DEBUG 2022-05-31 05:23:18,365 autoreload 18652 140131663281152 File /home/aniket/.local/lib/python3.9/site-packages/django/db/models/sql/constants.py first seen with mtime 1653891630.2559226
DEBUG 2022-05-31 05:23:18,365 autoreload 18652 140131663281152 File /usr/lib/python3.9/argparse.py first seen with mtime 1631285983.0
DEBUG 2022-05-31 05:23:18,365 autoreload 18652 140131663281152 File /home/aniket/.local/lib/python3.9/site-packages/django/contrib/auth/checks.py first seen with mtime 1653891629.7513375
DEBUG 2022-05-31 05:23:18,365 autoreload 18652 140131663281152 File /home/aniket/.local/lib/python3.9/site-packages/django/utils/decorators.py first seen with mtime 1653891630.2999735
DEBUG 2022-05-31 05:23:18,365 autoreload 18652 140131663281152 File /usr/lib/python3.9/copy.py first seen with mtime 1631285983.0
DEBUG 2022-05-31 05:23:18,365 autoreload 18652 140131663281152 File /home/aniket/.local/lib/python3.9/site-packages/django/template/engine.py first seen with mtime 1653891630.283955
DEBUG 2022-05-31 05:23:18,366 autoreload 18652 140131663281152 File /home/aniket/.local/lib/python3.9/site-packages/numpy/lib/npyio.py first seen with mtime 1639140260.1633415
DEBUG 2022-05-31 05:23:18,366 autoreload 18652 140131663281152 File /home/aniket/.local/lib/python3.9/site-packages/django/contrib/admin/options.py first seen with mtime 1653891629.5310814
DEBUG 2022-05-31 05:23:18,366 autoreload 18652 140131663281152 File /home/aniket/.local/lib/python3.9/site-packages/django/contrib/admin/views/autocomplete.py first seen with mtime 1653891629.6952724
DEBUG 2022-05-31 05:23:18,366 autoreload 18652 140131663281152 File /usr/lib/python3.9/json/scanner.py first seen with mtime 1631285983.0
DEBUG 2022-05-31 05:23:18,366 autoreload 18652 140131663281152 File /home/aniket/.local/lib/python3.9/site-packages/django/utils/cache.py first seen with mtime 1653891630.295969
DEBUG 2022-05-31 05:23:18,366 autoreload 18652 140131663281152 File /home/aniket/.local/lib/python3.9/site-packages/django/template/defaultfilters.py first seen with mtime 1653891630.283955
DEBUG 2022-05-31 05:23:18,366 autoreload 18652 140131663281152 File /home/aniket/.local/lib/python3.9/site-packages/django/core/files/__init__.py first seen with mtime 1653891630.2118719
DEBUG 2022-05-31 05:23:18,366 autoreload 18652 140131663281152 File /home/aniket/.local/lib/python3.9/site-packages/django/utils/dateformat.py first seen with mtime 1653891630.295969
DEBUG 2022-05-31 05:23:18,366 autoreload 18652 140131663281152 File /home/aniket/.local/lib/python3.9/site-packages/django/db/backends/base/base.py first seen with mtime 1653891630.2278903
DEBUG 2022-05-31 05:23:18,366 autoreload 18652 140131663281152 File /home/aniket/.local/lib/python3.9/site-packages/django/db/models/fields/related_descriptors.py first seen with mtime 1653891630.251918
DEBUG 2022-05-31 05:23:18,366 autoreload 18652 140131663281152 File /home/aniket/.local/lib/python3.9/site-packages/numpy/core/_string_helpers.py first seen with mtime 1639140260.0713358
DEBUG 2022-05-31 05:23:18,366 autoreload 18652 140131663281152 File /home/aniket/.local/lib/python3.9/site-packages/sqlparse/utils.py first seen with mtime 1639048940.1504877
DEBUG 2022-05-31 05:23:18,366 autoreload 18652 140131663281152 File /home/aniket/.local/lib/python3.9/site-packages/django/contrib/admin/views/__init__.py first seen with mtime 1653891629.6952724
DEBUG 2022-05-31 05:23:18,366 autoreload 18652 140131663281152 File /home/aniket/.local/lib/python3.9/site-packages/django/db/backends/utils.py first seen with mtime 1653891630.2278903
DEBUG 2022-05-31 05:23:18,367 autoreload 18652 140131663281152 File /usr/lib/python3.9/logging/__init__.py first seen with mtime 1631285983.0
DEBUG 2022-05-31 05:23:18,367 autoreload 18652 140131663281152 File /usr/lib/python3.9/hmac.py first seen with mtime 1631285983.0
DEBUG 2022-05-31 05:23:18,367 autoreload 18652 140131663281152 File /usr/lib/python3.9/asyncio/base_futures.py first seen with mtime 1631285983.0
DEBUG 2022-05-31 05:23:18,367 autoreload 18652 140131663281152 File /usr/lib/python3.9/asyncio/transports.py first seen with mtime 1631285983.0
DEBUG 2022-05-31 05:23:18,367 autoreload 18652 140131663281152 File /home/aniket/.local/lib/python3.9/site-packages/django/contrib/staticfiles/__init__.py first seen with mtime 1653891630.199858
DEBUG 2022-05-31 05:23:18,367 autoreload 18652 140131663281152 File /home/aniket/.local/lib/python3.9/site-packages/django/core/servers/__init__.py first seen with mtime 1653891630.2238855
DEBUG 2022-05-31 05:23:18,367 autoreload 18652 140131663281152 File /home/aniket/.local/lib/python3.9/site-packages/django/utils/ipv6.py first seen with mtime 1653891630.2999735
DEBUG 2022-05-31 05:23:18,367 autoreload 18652 140131663281152 File /home/aniket/.local/lib/python3.9/site-packages/django/db/backends/sqlite3/features.py first seen with mtime 1653891630.2399042
DEBUG 2022-05-31 05:23:18,367 autoreload 18652 140131663281152 File /usr/lib/python3.9/_weakrefset.py first seen with mtime 1631285983.0
DEBUG 2022-05-31 05:23:18,367 autoreload 18652 140131663281152 File /home/aniket/.local/lib/python3.9/site-packages/sqlparse/formatter.py first seen with mtime 1639048940.1464841
DEBUG 2022-05-31 05:23:18,367 autoreload 18652 140131663281152 File /usr/lib/python3.9/base64.py first seen with mtime 1631285983.0
DEBUG 2022-05-31 05:23:18,367 autoreload 18652 140131663281152 File /home/aniket/.local/lib/python3.9/site-packages/numpy/random/__init__.py first seen with mtime 1639140260.1313396
DEBUG 2022-05-31 05:23:18,367 autoreload 18652 140131663281152 File /usr/lib/python3.9/email/parser.py first seen with mtime 1631285983.0
DEBUG 2022-05-31 05:23:18,367 autoreload 18652 140131663281152 File /home/aniket/.local/lib/python3.9/site-packages/numpy/compat/__init__.py first seen with mtime 1639140260.2673478
DEBUG 2022-05-31 05:23:18,368 autoreload 18652 140131663281152 File /home/aniket/.local/lib/python3.9/site-packages/numpy/random/_common.cpython-39-x86_64-linux-gnu.so first seen with mtime 1639140260.1353397
DEBUG 2022-05-31 05:23:18,368 autoreload 18652 140131663281152 File /home/aniket/.local/lib/python3.9/site-packages/asgiref/sync.py first seen with mtime 1653891621.477433
DEBUG 2022-05-31 05:23:18,368 autoreload 18652 140131663281152 File /usr/lib/python3.9/socket.py first seen with mtime 1631285983.0
DEBUG 2022-05-31 05:23:18,368 autoreload 18652 140131663281152 File /home/aniket/.local/lib/python3.9/site-packages/django/db/migrations/operations/fields.py first seen with mtime 1653891630.243909
DEBUG 2022-05-31 05:23:18,368 autoreload 18652 140131663281152 File /home/aniket/.local/lib/python3.9/site-packages/django/contrib/auth/password_validation.py first seen with mtime 1653891629.7513375
DEBUG 2022-05-31 05:23:18,368 autoreload 18652 140131663281152 File /home/aniket/.local/lib/python3.9/site-packages/django/core/checks/compatibility/__init__.py first seen with mtime 1653891630.2078671
DEBUG 2022-05-31 05:23:18,368 autoreload 18652 140131663281152 File /home/aniket/.local/lib/python3.9/site-packages/django/urls/exceptions.py first seen with mtime 1653891630.2919643
DEBUG 2022-05-31 05:23:18,368 autoreload 18652 140131663281152 File /home/aniket/.local/lib/python3.9/site-packages/numpy/_globals.py first seen with mtime 1639140259.9713297
DEBUG 2022-05-31 05:23:18,368 autoreload 18652 140131663281152 File /home/aniket/.local/lib/python3.9/site-packages/numpy/polynomial/polyutils.py first seen with mtime 1639140259.9873307
DEBUG 2022-05-31 05:23:18,368 autoreload 18652 140131663281152 File /home/aniket/.local/lib/python3.9/site-packages/django/urls/converters.py first seen with mtime 1653891630.2919643
DEBUG 2022-05-31 05:23:18,368 autoreload 18652 140131663281152 File /home/aniket/.local/lib/python3.9/site-packages/sqlparse/filters/others.py first seen with mtime 1639048940.1504877
DEBUG 2022-05-31 05:23:18,368 autoreload 18652 140131663281152 File /home/aniket/.local/lib/python3.9/site-packages/numpy/lib/arraysetops.py first seen with mtime 1639140260.171342
DEBUG 2022-05-31 05:23:18,368 autoreload 18652 140131663281152 File /usr/lib/python3.9/email/_parseaddr.py first seen with mtime 1631285983.0
DEBUG 2022-05-31 05:23:18,368 autoreload 18652 140131663281152 File /home/aniket/.local/lib/python3.9/site-packages/numpy/ma/core.py first seen with mtime 1639140260.2553473
DEBUG 2022-05-31 05:23:18,368 autoreload 18652 140131663281152 File /home/aniket/.local/lib/python3.9/site-packages/numpy/core/overrides.py first seen with mtime 1639140259.9913309
DEBUG 2022-05-31 05:23:18,369 autoreload 18652 140131663281152 File /home/aniket/.local/lib/python3.9/site-packages/django/db/backends/sqlite3/introspection.py first seen with mtime 1653891630.2399042
DEBUG 2022-05-31 05:23:18,369 autoreload 18652 140131663281152 File /home/aniket/.local/lib/python3.9/site-packages/django/core/files/utils.py first seen with mtime 1653891630.2118719
DEBUG 2022-05-31 05:23:18,369 autoreload 18652 140131663281152 File /home/aniket/.local/lib/python3.9/site-packages/numpy/core/arrayprint.py first seen with mtime 1639140260.0713358
DEBUG 2022-05-31 05:23:18,369 autoreload 18652 140131663281152 File /usr/lib/python3.9/linecache.py first seen with mtime 1631285983.0
DEBUG 2022-05-31 05:23:18,369 autoreload 18652 140131663281152 File /usr/lib/python3.9/opcode.py first seen with mtime 1631285983.0
DEBUG 2022-05-31 05:23:18,369 autoreload 18652 140131663281152 File /usr/lib/python3.9/ntpath.py first seen with mtime 1631285983.0
DEBUG 2022-05-31 05:23:18,369 autoreload 18652 140131663281152 File /home/aniket/djangoProject/DjangoTest/FormView/models.py first seen with mtime 1645419753.452923
DEBUG 2022-05-31 05:23:18,369 autoreload 18652 140131663281152 File /usr/lib/python3.9/logging/handlers.py first seen with mtime 1631285983.0
DEBUG 2022-05-31 05:23:18,369 autoreload 18652 140131663281152 File /usr/lib/python3.9/asyncio/selector_events.py first seen with mtime 1631285983.0
DEBUG 2022-05-31 05:23:18,369 autoreload 18652 140131663281152 File /home/aniket/.local/lib/python3.9/site-packages/django/db/models/manager.py first seen with mtime 1653891630.2479134
DEBUG 2022-05-31 05:23:18,369 autoreload 18652 140131663281152 File /home/aniket/.local/lib/python3.9/site-packages/django/apps/config.py first seen with mtime 1653891629.414946
DEBUG 2022-05-31 05:23:18,369 autoreload 18652 140131663281152 File /usr/lib/python3.9/types.py first seen with mtime 1631285983.0
DEBUG 2022-05-31 05:23:18,369 autoreload 18652 140131663281152 File /home/aniket/.local/lib/python3.9/site-packages/django/utils/translation/reloader.py first seen with mtime 1653891630.3039782
DEBUG 2022-05-31 05:23:18,370 autoreload 18652 140131663281152 File /home/aniket/.local/lib/python3.9/site-packages/django/contrib/admin/utils.py first seen with mtime 1653891629.5310814
DEBUG 2022-05-31 05:23:18,370 autoreload 18652 140131663281152 File /home/aniket/.local/lib/python3.9/site-packages/django/contrib/staticfiles/utils.py first seen with mtime 1653891630.199858
DEBUG 2022-05-31 05:23:18,370 autoreload 18652 140131663281152 File /home/aniket/.local/lib/python3.9/site-packages/django/contrib/staticfiles/handlers.py first seen with mtime 1653891630.199858
DEBUG 2022-05-31 05:23:18,370 autoreload 18652 140131663281152 File /home/aniket/.local/lib/python3.9/site-packages/django/contrib/contenttypes/models.py first seen with mtime 1653891629.8114076
DEBUG 2022-05-31 05:23:18,370 autoreload 18652 140131663281152 File /home/aniket/.local/lib/python3.9/site-packages/django/db/backends/sqlite3/client.py first seen with mtime 1653891630.2358994
DEBUG 2022-05-31 05:23:18,370 autoreload 18652 140131663281152 File /usr/lib/python3.9/http/server.py first seen with mtime 1631285983.0
DEBUG 2022-05-31 05:23:18,370 autoreload 18652 140131663281152 File /home/aniket/.local/lib/python3.9/site-packages/sqlparse/filters/output.py first seen with mtime 1639048940.1504877
DEBUG 2022-05-31 05:23:18,370 autoreload 18652 140131663281152 File /usr/lib/python3.9/asyncio/__init__.py first seen with mtime 1631285983.0
DEBUG 2022-05-31 05:23:18,370 autoreload 18652 140131663281152 File /home/aniket/.local/lib/python3.9/site-packages/django/forms/formsets.py first seen with mtime 1653891630.2599273
DEBUG 2022-05-31 05:23:18,370 autoreload 18652 140131663281152 File /home/aniket/.local/lib/python3.9/site-packages/django/contrib/auth/backends.py first seen with mtime 1653891629.7513375
DEBUG 2022-05-31 05:23:18,370 autoreload 18652 140131663281152 File /home/aniket/.local/lib/python3.9/site-packages/numpy/core/_internal.py first seen with mtime 1639140260.0233328
DEBUG 2022-05-31 05:23:18,370 autoreload 18652 140131663281152 File /usr/lib/python3.9/_bootlocale.py first seen with mtime 1631285983.0
DEBUG 2022-05-31 05:23:18,370 autoreload 18652 140131663281152 File /usr/lib/python3.9/asyncio/events.py first seen with mtime 1631285983.0
DEBUG 2022-05-31 05:23:18,370 autoreload 18652 140131663281152 File /usr/lib/python3.9/email/generator.py first seen with mtime 1631285983.0
DEBUG 2022-05-31 05:23:18,370 autoreload 18652 140131663281152 File /home/aniket/.local/lib/python3.9/site-packages/django/forms/__init__.py first seen with mtime 1653891630.2599273
DEBUG 2022-05-31 05:23:18,370 autoreload 18652 140131663281152 File /home/aniket/.local/lib/python3.9/site-packages/django/core/management/color.py first seen with mtime 1653891630.2158763
DEBUG 2022-05-31 05:23:18,371 autoreload 18652 140131663281152 File /home/aniket/.local/lib/python3.9/site-packages/django/core/files/locks.py first seen with mtime 1653891630.2118719
DEBUG 2022-05-31 05:23:18,371 autoreload 18652 140131663281152 File /home/aniket/.local/lib/python3.9/site-packages/sqlparse/keywords.py first seen with mtime 1639048940.1464841
DEBUG 2022-05-31 05:23:18,371 autoreload 18652 140131663281152 File /home/aniket/.local/lib/python3.9/site-packages/django/core/checks/registry.py first seen with mtime 1653891630.2078671
DEBUG 2022-05-31 05:23:18,371 autoreload 18652 140131663281152 File /home/aniket/.local/lib/python3.9/site-packages/django/utils/safestring.py first seen with mtime 1653891630.3039782
DEBUG 2022-05-31 05:23:18,371 autoreload 18652 140131663281152 File /usr/lib/python3.9/bisect.py first seen with mtime 1631285983.0
DEBUG 2022-05-31 05:23:18,371 autoreload 18652 140131663281152 File /home/aniket/.local/lib/python3.9/site-packages/django/core/signals.py first seen with mtime 1653891630.2038624
DEBUG 2022-05-31 05:23:18,371 autoreload 18652 140131663281152 File /usr/lib/python3.9/importlib/abc.py first seen with mtime 1631285983.0
DEBUG 2022-05-31 05:23:18,371 autoreload 18652 140131663281152 File /usr/lib/python3.9/email/mime/message.py first seen with mtime 1631285983.0
DEBUG 2022-05-31 05:23:18,371 autoreload 18652 140131663281152 File /home/aniket/.local/lib/python3.9/site-packages/django/db/models/__init__.py first seen with mtime 1653891630.243909
DEBUG 2022-05-31 05:23:18,371 autoreload 18652 140131663281152 File /home/aniket/.local/lib/python3.9/site-packages/django/contrib/admin/checks.py first seen with mtime 1653891629.5310814
DEBUG 2022-05-31 05:23:18,371 autoreload 18652 140131663281152 File /home/aniket/.local/lib/python3.9/site-packages/django/core/mail/__init__.py first seen with mtime 1653891630.2158763
DEBUG 2022-05-31 05:23:18,371 autoreload 18652 140131663281152 File /home/aniket/.local/lib/python3.9/site-packages/numpy/linalg/lapack_lite.cpython-39-x86_64-linux-gnu.so first seen with mtime 1639140260.1593413
DEBUG 2022-05-31 05:23:18,371 autoreload 18652 140131663281152 File /usr/lib/python3.9/tokenize.py first seen with mtime 1631285983.0
DEBUG 2022-05-31 05:23:18,371 autoreload 18652 140131663281152 File /home/aniket/.local/lib/python3.9/site-packages/numpy/core/_multiarray_tests.cpython-39-x86_64-linux-gnu.so first seen with mtime 1639140260.0033317
DEBUG 2022-05-31 05:23:18,371 autoreload 18652 140131663281152 File /home/aniket/.local/lib/python3.9/site-packages/django/template/exceptions.py first seen with mtime 1653891630.283955
DEBUG 2022-05-31 05:23:18,371 autoreload 18652 140131663281152 File /home/aniket/.local/lib/python3.9/site-packages/django/contrib/staticfiles/management/commands/runserver.py first seen with mtime 1653891630.2038624
DEBUG 2022-05-31 05:23:18,372 autoreload 18652 140131663281152 File /home/aniket/.local/lib/python3.9/site-packages/django/db/transaction.py first seen with mtime 1653891630.2238855
DEBUG 2022-05-31 05:23:18,372 autoreload 18652 140131663281152 File /home/aniket/.local/lib/python3.9/site-packages/numpy/lib/histograms.py first seen with mtime 1639140260.171342
DEBUG 2022-05-31 05:23:18,372 autoreload 18652 140131663281152 File /usr/lib/python3.9/lib-dynload/_hashlib.cpython-39-x86_64-linux-gnu.so first seen with mtime 1631285983.0
DEBUG 2022-05-31 05:23:18,372 autoreload 18652 140131663281152 File /home/aniket/djangoProject/DjangoTest/FormView/forms.py first seen with mtime 1645422158.0210564
DEBUG 2022-05-31 05:23:18,372 autoreload 18652 140131663281152 File /home/aniket/.local/lib/python3.9/site-packages/django/middleware/csrf.py first seen with mtime 1653891630.2799504
DEBUG 2022-05-31 05:23:18,372 autoreload 18652 140131663281152 File /home/aniket/.local/lib/python3.9/site-packages/django/core/files/storage.py first seen with mtime 1653891630.2118719
DEBUG 2022-05-31 05:23:18,372 autoreload 18652 140131663281152 File /home/aniket/.local/lib/python3.9/site-packages/django/utils/duration.py first seen with mtime 1653891630.2999735
DEBUG 2022-05-31 05:23:18,372 autoreload 18652 140131663281152 File /home/aniket/.local/lib/python3.9/site-packages/django/template/loader.py first seen with mtime 1653891630.283955
DEBUG 2022-05-31 05:23:18,372 autoreload 18652 140131663281152 File /home/aniket/.local/lib/python3.9/site-packages/django/contrib/contenttypes/forms.py first seen with mtime 1653891629.8114076
DEBUG 2022-05-31 05:23:18,372 autoreload 18652 140131663281152 File /home/aniket/.local/lib/python3.9/site-packages/django/utils/__init__.py first seen with mtime 1653891630.295969
DEBUG 2022-05-31 05:23:18,372 autoreload 18652 140131663281152 File /usr/lib/python3.9/importlib/machinery.py first seen with mtime 1631285983.0
DEBUG 2022-05-31 05:23:18,372 autoreload 18652 140131663281152 File /home/aniket/.local/lib/python3.9/site-packages/django/core/checks/__init__.py first seen with mtime 1653891630.2078671
DEBUG 2022-05-31 05:23:18,372 autoreload 18652 140131663281152 File /home/aniket/.local/lib/python3.9/site-packages/django/utils/translation/trans_real.py first seen with mtime 1653891630.3039782
DEBUG 2022-05-31 05:23:18,372 autoreload 18652 140131663281152 File /usr/lib/python3.9/traceback.py first seen with mtime 1631285983.0
DEBUG 2022-05-31 05:23:18,372 autoreload 18652 140131663281152 File /usr/lib/python3.9/sqlite3/__init__.py first seen with mtime 1631285983.0
DEBUG 2022-05-31 05:23:18,373 autoreload 18652 140131663281152 File /usr/lib/python3.9/pprint.py first seen with mtime 1631285983.0
DEBUG 2022-05-31 05:23:18,373 autoreload 18652 140131663281152 File /home/aniket/.local/lib/python3.9/site-packages/django/forms/utils.py first seen with mtime 1653891630.2599273
DEBUG 2022-05-31 05:23:18,373 autoreload 18652 140131663281152 File /usr/lib/python3.9/asyncio/tasks.py first seen with mtime 1631285983.0
DEBUG 2022-05-31 05:23:18,373 autoreload 18652 140131663281152 File /home/aniket/.local/lib/python3.9/site-packages/django/db/models/expressions.py first seen with mtime 1653891630.2479134
DEBUG 2022-05-31 05:23:18,373 autoreload 18652 140131663281152 File /home/aniket/.local/lib/python3.9/site-packages/numpy/core/umath.py first seen with mtime 1639140260.0713358
DEBUG 2022-05-31 05:23:18,373 autoreload 18652 140131663281152 File /home/aniket/.local/lib/python3.9/site-packages/django/db/models/fields/files.py first seen with mtime 1653891630.251918
DEBUG 2022-05-31 05:23:18,373 autoreload 18652 140131663281152 File /home/aniket/.local/lib/python3.9/site-packages/django/middleware/security.py first seen with mtime 1653891630.2799504
DEBUG 2022-05-31 05:23:18,373 autoreload 18652 140131663281152 File /home/aniket/.local/lib/python3.9/site-packages/django/template/backends/django.py first seen with mtime 1653891630.283955
DEBUG 2022-05-31 05:23:18,373 autoreload 18652 140131663281152 File /usr/lib/python3.9/getpass.py first seen with mtime 1631285983.0
DEBUG 2022-05-31 05:23:18,373 autoreload 18652 140131663281152 File /home/aniket/.local/lib/python3.9/site-packages/numpy/core/function_base.py first seen with mtime 1639140259.995331
DEBUG 2022-05-31 05:23:18,373 autoreload 18652 140131663281152 File /home/aniket/.local/lib/python3.9/site-packages/numpy/core/machar.py first seen with mtime 1639140260.0033317
DEBUG 2022-05-31 05:23:18,373 autoreload 18652 140131663281152 File /home/aniket/.local/lib/python3.9/site-packages/django/contrib/sites/shortcuts.py first seen with mtime 1653891630.155807
DEBUG 2022-05-31 05:23:18,373 autoreload 18652 140131663281152 File /home/aniket/.local/lib/python3.9/site-packages/django/db/migrations/operations/models.py first seen with mtime 1653891630.243909
DEBUG 2022-05-31 05:23:18,373 autoreload 18652 140131663281152 File /home/aniket/.local/lib/python3.9/site-packages/django/utils/version.py first seen with mtime 1653891630.3039782
DEBUG 2022-05-31 05:23:18,373 autoreload 18652 140131663281152 File /usr/lib/python3.9/asyncio/constants.py first seen with mtime 1631285983.0
DEBUG 2022-05-31 05:23:18,373 autoreload 18652 140131663281152 File /home/aniket/.local/lib/python3.9/site-packages/django/core/mail/utils.py first seen with mtime 1653891630.2158763
DEBUG 2022-05-31 05:23:18,374 autoreload 18652 140131663281152 File /usr/lib/python3.9/asyncio/threads.py first seen with mtime 1631285983.0
DEBUG 2022-05-31 05:23:18,374 autoreload 18652 140131663281152 File /home/aniket/.local/lib/python3.9/site-packages/django/utils/crypto.py first seen with mtime 1653891630.295969
DEBUG 2022-05-31 05:23:18,374 autoreload 18652 140131663281152 File /home/aniket/.local/lib/python3.9/site-packages/django/utils/hashable.py first seen with mtime 1653891630.2999735
DEBUG 2022-05-31 05:23:18,374 autoreload 18652 140131663281152 File /home/aniket/.local/lib/python3.9/site-packages/django/core/files/temp.py first seen with mtime 1653891630.2118719
DEBUG 2022-05-31 05:23:18,374 autoreload 18652 140131663281152 File /usr/lib/python3/dist-packages/apport_python_hook.py first seen with mtime 1631818092.0
DEBUG 2022-05-31 05:23:18,374 autoreload 18652 140131663281152 File /home/aniket/.local/lib/python3.9/site-packages/django/conf/locale/__init__.py first seen with mtime 1653891629.4189508
DEBUG 2022-05-31 05:23:18,374 autoreload 18652 140131663281152 File /home/aniket/.local/lib/python3.9/site-packages/numpy/core/_dtype.py first seen with mtime 1639140260.0713358
DEBUG 2022-05-31 05:23:18,374 autoreload 18652 140131663281152 File /home/aniket/.local/lib/python3.9/site-packages/sqlparse/filters/reindent.py first seen with mtime 1639048940.1504877
DEBUG 2022-05-31 05:23:18,374 autoreload 18652 140131663281152 File /home/aniket/.local/lib/python3.9/site-packages/django/db/models/constants.py first seen with mtime 1653891630.243909
DEBUG 2022-05-31 05:23:18,374 autoreload 18652 140131663281152 File /home/aniket/.local/lib/python3.9/site-packages/numpy/lib/_datasource.py first seen with mtime 1639140260.171342
DEBUG 2022-05-31 05:23:18,374 autoreload 18652 140131663281152 File /home/aniket/.local/lib/python3.9/site-packages/django/core/paginator.py first seen with mtime 1653891630.2038624
DEBUG 2022-05-31 05:23:18,374 autoreload 18652 140131663281152 File /home/aniket/.local/lib/python3.9/site-packages/django/views/i18n.py first seen with mtime 1653891630.3079827
DEBUG 2022-05-31 05:23:18,374 autoreload 18652 140131663281152 File /home/aniket/.local/lib/python3.9/site-packages/django/db/migrations/operations/__init__.py first seen with mtime 1653891630.243909
DEBUG 2022-05-31 05:23:18,374 autoreload 18652 140131663281152 File /usr/lib/python3.9/encodings/aliases.py first seen with mtime 1631285983.0
DEBUG 2022-05-31 05:23:18,374 autoreload 18652 140131663281152 File /usr/lib/python3.9/_sitebuiltins.py first seen with mtime 1631285983.0
DEBUG 2022-05-31 05:23:18,374 autoreload 18652 140131663281152 File /home/aniket/.local/lib/python3.9/site-packages/django/views/generic/list.py first seen with mtime 1653891630.3119874
DEBUG 2022-05-31 05:23:18,375 autoreload 18652 140131663281152 File /home/aniket/.local/lib/python3.9/site-packages/django/db/models/lookups.py first seen with mtime 1653891630.2479134
DEBUG 2022-05-31 05:23:18,375 autoreload 18652 140131663281152 File /home/aniket/.local/lib/python3.9/site-packages/numpy/lib/stride_tricks.py first seen with mtime 1639140260.171342
DEBUG 2022-05-31 05:23:18,375 autoreload 18652 140131663281152 File /usr/lib/python3.9/uu.py first seen with mtime 1631285983.0
DEBUG 2022-05-31 05:23:18,375 autoreload 18652 140131663281152 File /home/aniket/.local/lib/python3.9/site-packages/django/core/handlers/wsgi.py first seen with mtime 1653891630.2118719
DEBUG 2022-05-31 05:23:18,375 autoreload 18652 140131663281152 File /usr/lib/python3.9/asyncio/coroutines.py first seen with mtime 1631285983.0
DEBUG 2022-05-31 05:23:18,375 autoreload 18652 140131663281152 File /home/aniket/.local/lib/python3.9/site-packages/django/views/decorators/common.py first seen with mtime 1653891630.3079827
DEBUG 2022-05-31 05:23:18,375 autoreload 18652 140131663281152 File /home/aniket/.local/lib/python3.9/site-packages/numpy/core/einsumfunc.py first seen with mtime 1639140260.0713358
DEBUG 2022-05-31 05:23:18,375 autoreload 18652 140131663281152 File /home/aniket/.local/lib/python3.9/site-packages/django/templatetags/__init__.py first seen with mtime 1653891630.2879596
DEBUG 2022-05-31 05:23:18,375 autoreload 18652 140131663281152 File /home/aniket/.local/lib/python3.9/site-packages/django/db/models/query_utils.py first seen with mtime 1653891630.2479134
DEBUG 2022-05-31 05:23:18,375 autoreload 18652 140131663281152 File /home/aniket/.local/lib/python3.9/site-packages/django/template/backends/__init__.py first seen with mtime 1653891630.283955
DEBUG 2022-05-31 05:23:18,375 autoreload 18652 140131663281152 File /home/aniket/djangoProject/DjangoTest/DjangoTest/__init__.py first seen with mtime 1645419724.682451
DEBUG 2022-05-31 05:23:18,375 autoreload 18652 140131663281152 File /home/aniket/.local/lib/python3.9/site-packages/django/utils/translation/__init__.py first seen with mtime 1653891630.3039782
DEBUG 2022-05-31 05:23:18,375 autoreload 18652 140131663281152 File /usr/lib/python3.9/unittest/result.py first seen with mtime 1631285983.0
DEBUG 2022-05-31 05:23:18,375 autoreload 18652 140131663281152 File /usr/lib/python3.9/gzip.py first seen with mtime 1631285983.0
DEBUG 2022-05-31 05:23:18,375 autoreload 18652 140131663281152 File /home/aniket/.local/lib/python3.9/site-packages/numpy/lib/shape_base.py first seen with mtime 1639140260.1753423
DEBUG 2022-05-31 05:23:18,375 autoreload 18652 140131663281152 File /home/aniket/.local/lib/python3.9/site-packages/numpy/core/defchararray.py first seen with mtime 1639140259.995331
DEBUG 2022-05-31 05:23:18,376 autoreload 18652 140131663281152 File /usr/lib/python3.9/keyword.py first seen with mtime 1631285983.0
DEBUG 2022-05-31 05:23:18,376 autoreload 18652 140131663281152 File /home/aniket/.local/lib/python3.9/site-packages/django/core/files/uploadhandler.py first seen with mtime 1653891630.2118719
DEBUG 2022-05-31 05:23:18,376 autoreload 18652 140131663281152 File /home/aniket/.local/lib/python3.9/site-packages/numpy/core/_ufunc_config.py first seen with mtime 1639140260.0713358
DEBUG 2022-05-31 05:23:18,376 autoreload 18652 140131663281152 File /home/aniket/.local/lib/python3.9/site-packages/sqlparse/engine/__init__.py first seen with mtime 1639048940.1504877
DEBUG 2022-05-31 05:23:18,376 autoreload 18652 140131663281152 File /usr/lib/python3.9/json/__init__.py first seen with mtime 1631285983.0
DEBUG 2022-05-31 05:23:18,376 autoreload 18652 140131663281152 File /home/aniket/.local/lib/python3.9/site-packages/asgiref/local.py first seen with mtime 1653891621.477433
DEBUG 2022-05-31 05:23:18,376 autoreload 18652 140131663281152 File /home/aniket/.local/lib/python3.9/site-packages/django/utils/autoreload.py first seen with mtime 1653891630.295969
DEBUG 2022-05-31 05:23:18,376 autoreload 18652 140131663281152 File /home/aniket/.local/lib/python3.9/site-packages/django/db/backends/sqlite3/creation.py first seen with mtime 1653891630.2358994
DEBUG 2022-05-31 05:23:18,376 autoreload 18652 140131663281152 File /usr/lib/python3.9/unittest/util.py first seen with mtime 1631285983.0
DEBUG 2022-05-31 05:23:18,376 autoreload 18652 140131663281152 File /usr/lib/python3.9/codecs.py first seen with mtime 1631285983.0
DEBUG 2022-05-31 05:23:18,376 autoreload 18652 140131663281152 File /home/aniket/.local/lib/python3.9/site-packages/django/utils/deprecation.py first seen with mtime 1653891630.2999735
DEBUG 2022-05-31 05:23:18,376 autoreload 18652 140131663281152 File /usr/lib/python3.9/email/__init__.py first seen with mtime 1631285983.0
DEBUG 2022-05-31 05:23:18,376 autoreload 18652 140131663281152 File /usr/lib/python3.9/asyncio/protocols.py first seen with mtime 1631285983.0
DEBUG 2022-05-31 05:23:18,376 autoreload 18652 140131663281152 File /usr/lib/python3.9/subprocess.py first seen with mtime 1631285983.0
DEBUG 2022-05-31 05:23:18,376 autoreload 18652 140131663281152 File /home/aniket/.local/lib/python3.9/site-packages/django/utils/itercompat.py first seen with mtime 1653891630.2999735
DEBUG 2022-05-31 05:23:18,376 autoreload 18652 140131663281152 File /home/aniket/.local/lib/python3.9/site-packages/django/views/generic/__init__.py first seen with mtime 1653891630.3079827
DEBUG 2022-05-31 05:23:18,377 autoreload 18652 140131663281152 File /home/aniket/.local/lib/python3.9/site-packages/numpy/lib/index_tricks.py first seen with mtime 1639140260.1753423
DEBUG 2022-05-31 05:23:18,377 autoreload 18652 140131663281152 File /usr/lib/python3.9/unittest/case.py first seen with mtime 1631285983.0
DEBUG 2022-05-31 05:23:18,377 autoreload 18652 140131663281152 File /home/aniket/.local/lib/python3.9/site-packages/numpy/lib/_iotools.py first seen with mtime 1639140260.1793425
DEBUG 2022-05-31 05:23:18,377 autoreload 18652 140131663281152 File /home/aniket/.local/lib/python3.9/site-packages/sqlparse/cli.py first seen with mtime 1639048940.1464841
DEBUG 2022-05-31 05:23:18,377 autoreload 18652 140131663281152 File /home/aniket/.local/lib/python3.9/site-packages/django/contrib/admin/filters.py first seen with mtime 1653891629.5310814
DEBUG 2022-05-31 05:23:18,377 autoreload 18652 140131663281152 File /home/aniket/.local/lib/python3.9/site-packages/django/dispatch/__init__.py first seen with mtime 1653891630.2599273
DEBUG 2022-05-31 05:23:18,377 autoreload 18652 140131663281152 File /home/aniket/.local/lib/python3.9/site-packages/django/utils/formats.py first seen with mtime 1653891630.2999735
DEBUG 2022-05-31 05:23:18,377 autoreload 18652 140131663281152 File /home/aniket/.local/lib/python3.9/site-packages/django/db/migrations/__init__.py first seen with mtime 1653891630.2399042
DEBUG 2022-05-31 05:23:18,377 autoreload 18652 140131663281152 File /usr/lib/python3.9/lib-dynload/_queue.cpython-39-x86_64-linux-gnu.so first seen with mtime 1631285983.0
DEBUG 2022-05-31 05:23:18,377 autoreload 18652 140131663281152 File /home/aniket/djangoProject/DjangoTest/FormView/templates/TestForm.html first seen with mtime 1645420350.703634
DEBUG 2022-05-31 05:23:19,429 autoreload 18652 140131663281152 File /home/aniket/.local/lib/python3.9/site-packages/django/contrib/admin/migrations/__init__.py first seen with mtime 1653891629.6472166
DEBUG 2022-05-31 05:23:19,429 autoreload 18652 140131663281152 File /home/aniket/.local/lib/python3.9/site-packages/django/contrib/sessions/exceptions.py first seen with mtime 1653891630.1077514
DEBUG 2022-05-31 05:23:19,430 autoreload 18652 140131663281152 File /usr/lib/python3.9/encodings/idna.py first seen with mtime 1631285983.0
DEBUG 2022-05-31 05:23:19,430 autoreload 18652 140131663281152 File /home/aniket/.local/lib/python3.9/site-packages/django/contrib/sessions/migrations/__init__.py first seen with mtime 1653891630.155807
DEBUG 2022-05-31 05:23:19,430 autoreload 18652 140131663281152 File /home/aniket/.local/lib/python3.9/site-packages/django/core/cache/backends/locmem.py first seen with mtime 1653891630.2078671
DEBUG 2022-05-31 05:23:19,431 autoreload 18652 140131663281152 File /home/aniket/.local/lib/python3.9/site-packages/django/contrib/sessions/backends/db.py first seen with mtime 1653891630.111756
DEBUG 2022-05-31 05:23:19,431 autoreload 18652 140131663281152 File /home/aniket/.local/lib/python3.9/site-packages/django/contrib/auth/migrations/0003_alter_user_email_max_length.py first seen with mtime 1653891629.8074028
DEBUG 2022-05-31 05:23:19,431 autoreload 18652 140131663281152 File /home/aniket/.local/lib/python3.9/site-packages/django/contrib/auth/migrations/0012_alter_user_first_name_max_length.py first seen with mtime 1653891629.8114076
DEBUG 2022-05-31 05:23:19,431 autoreload 18652 140131663281152 File /home/aniket/.local/lib/python3.9/site-packages/django/db/migrations/executor.py first seen with mtime 1653891630.2399042
DEBUG 2022-05-31 05:23:19,431 autoreload 18652 140131663281152 File /home/aniket/.local/lib/python3.9/site-packages/django/views/csrf.py first seen with mtime 1653891630.3079827
DEBUG 2022-05-31 05:23:19,432 autoreload 18652 140131663281152 File /home/aniket/.local/lib/python3.9/site-packages/django/contrib/auth/migrations/0006_require_contenttypes_0002.py first seen with mtime 1653891629.8074028
DEBUG 2022-05-31 05:23:19,432 autoreload 18652 140131663281152 File /home/aniket/.local/lib/python3.9/site-packages/django/contrib/auth/migrations/0011_update_proxy_permissions.py first seen with mtime 1653891629.8114076
DEBUG 2022-05-31 05:23:19,432 autoreload 18652 140131663281152 File /home/aniket/.local/lib/python3.9/site-packages/django/contrib/auth/migrations/0004_alter_user_username_opts.py first seen with mtime 1653891629.8074028
DEBUG 2022-05-31 05:23:19,433 autoreload 18652 140131663281152 File /usr/lib/python3.9/stringprep.py first seen with mtime 1631285983.0
DEBUG 2022-05-31 05:23:19,433 autoreload 18652 140131663281152 File /home/aniket/.local/lib/python3.9/site-packages/django/contrib/contenttypes/migrations/__init__.py first seen with mtime 1653891629.8554587
DEBUG 2022-05-31 05:23:19,433 autoreload 18652 140131663281152 File /home/aniket/.local/lib/python3.9/site-packages/django/contrib/messages/middleware.py first seen with mtime 1653891630.0236542
DEBUG 2022-05-31 05:23:19,433 autoreload 18652 140131663281152 File /home/aniket/.local/lib/python3.9/site-packages/django/contrib/auth/migrations/0010_alter_group_name_max_length.py first seen with mtime 1653891629.8114076
DEBUG 2022-05-31 05:23:19,434 autoreload 18652 140131663281152 File /home/aniket/.local/lib/python3.9/site-packages/django/db/migrations/graph.py first seen with mtime 1653891630.2399042
DEBUG 2022-05-31 05:23:19,434 autoreload 18652 140131663281152 File /home/aniket/.local/lib/python3.9/site-packages/django/middleware/common.py first seen with mtime 1653891630.2799504
DEBUG 2022-05-31 05:23:19,434 autoreload 18652 140131663281152 File /home/aniket/.local/lib/python3.9/site-packages/django/contrib/admin/migrations/0001_initial.py first seen with mtime 1653891629.6472166
DEBUG 2022-05-31 05:23:19,434 autoreload 18652 140131663281152 File /home/aniket/.local/lib/python3.9/site-packages/django/contrib/auth/migrations/0007_alter_validators_add_error_messages.py first seen with mtime 1653891629.8074028
DEBUG 2022-05-31 05:23:19,435 autoreload 18652 140131663281152 File /home/aniket/.local/lib/python3.9/site-packages/django/contrib/auth/migrations/0009_alter_user_last_name_max_length.py first seen with mtime 1653891629.8114076
DEBUG 2022-05-31 05:23:19,435 autoreload 18652 140131663281152 File /home/aniket/.local/lib/python3.9/site-packages/django/contrib/sessions/migrations/0001_initial.py first seen with mtime 1653891630.1518023
DEBUG 2022-05-31 05:23:19,436 autoreload 18652 140131663281152 File /home/aniket/.local/lib/python3.9/site-packages/django/db/migrations/loader.py first seen with mtime 1653891630.2399042
DEBUG 2022-05-31 05:23:19,436 autoreload 18652 140131663281152 File /home/aniket/.local/lib/python3.9/site-packages/django/middleware/clickjacking.py first seen with mtime 1653891630.2799504
DEBUG 2022-05-31 05:23:19,436 autoreload 18652 140131663281152 File /home/aniket/.local/lib/python3.9/site-packages/django/contrib/auth/migrations/0005_alter_user_last_login_null.py first seen with mtime 1653891629.8074028
DEBUG 2022-05-31 05:23:19,437 autoreload 18652 140131663281152 File /home/aniket/.local/lib/python3.9/site-packages/django/contrib/auth/migrations/0002_alter_permission_name_max_length.py first seen with mtime 1653891629.8074028
DEBUG 2022-05-31 05:23:19,437 autoreload 18652 140131663281152 File /home/aniket/.local/lib/python3.9/site-packages/django/contrib/sessions/backends/base.py first seen with mtime 1653891630.111756
DEBUG 2022-05-31 05:23:19,437 autoreload 18652 140131663281152 File /home/aniket/djangoProject/DjangoTest/FormView/migrations/__init__.py first seen with mtime 1645419753.456924
DEBUG 2022-05-31 05:23:19,437 autoreload 18652 140131663281152 File /home/aniket/.local/lib/python3.9/site-packages/django/contrib/auth/migrations/0001_initial.py first seen with mtime 1653891629.8074028
DEBUG 2022-05-31 05:23:19,437 autoreload 18652 140131663281152 File /home/aniket/.local/lib/python3.9/site-packages/django/db/migrations/recorder.py first seen with mtime 1653891630.2399042
DEBUG 2022-05-31 05:23:19,437 autoreload 18652 140131663281152 File /home/aniket/.local/lib/python3.9/site-packages/django/contrib/admin/migrations/0002_logentry_remove_auto_add.py first seen with mtime 1653891629.6472166
DEBUG 2022-05-31 05:23:19,438 autoreload 18652 140131663281152 File /home/aniket/.local/lib/python3.9/site-packages/django/contrib/auth/migrations/0008_alter_user_username_max_length.py first seen with mtime 1653891629.8074028
DEBUG 2022-05-31 05:23:19,438 autoreload 18652 140131663281152 File /home/aniket/djangoProject/DjangoTest/DjangoTest/wsgi.py first seen with mtime 1645419724.6904528
DEBUG 2022-05-31 05:23:19,438 autoreload 18652 140131663281152 File /home/aniket/.local/lib/python3.9/site-packages/django/contrib/admin/migrations/0003_logentry_add_action_flag_choices.py first seen with mtime 1653891629.6472166
DEBUG 2022-05-31 05:23:19,438 autoreload 18652 140131663281152 File /home/aniket/.local/lib/python3.9/site-packages/django/contrib/contenttypes/migrations/0001_initial.py first seen with mtime 1653891629.8554587
DEBUG 2022-05-31 05:23:19,438 autoreload 18652 140131663281152 File /home/aniket/.local/lib/python3.9/site-packages/django/contrib/contenttypes/migrations/0002_remove_content_type_name.py first seen with mtime 1653891629.8554587
DEBUG 2022-05-31 05:23:19,439 autoreload 18652 140131663281152 File /home/aniket/.local/lib/python3.9/site-packages/django/contrib/auth/migrations/__init__.py first seen with mtime 1653891629.8114076
DEBUG 2022-05-31 05:23:32,751 views 18652 140131347101248 logger got called
INFO 2022-05-31 05:23:32,752 basehttp 18652 140131347101248 "GET /form/testme/ HTTP/1.1" 200 10
DEBUG 2022-05-31 05:23:32,805 base 18652 140131347101248 Exception while resolving variable 'name' in template 'unknown'.
Traceback (most recent call last):
  File "/home/aniket/.local/lib/python3.9/site-packages/django/core/handlers/exception.py", line 55, in inner
    response = get_response(request)
  File "/home/aniket/.local/lib/python3.9/site-packages/django/core/handlers/base.py", line 181, in _get_response
    callback, callback_args, callback_kwargs = self.resolve_request(request)
  File "/home/aniket/.local/lib/python3.9/site-packages/django/core/handlers/base.py", line 313, in resolve_request
    resolver_match = resolver.resolve(request.path_info)
  File "/home/aniket/.local/lib/python3.9/site-packages/django/urls/resolvers.py", line 683, in resolve
    raise Resolver404({"tried": tried, "path": new_path})
django.urls.exceptions.Resolver404: {'tried': [[<URLResolver <URLPattern list> (admin:admin) 'admin/'>], [<URLResolver <module 'FormView.formurl' from '/home/aniket/djangoProject/DjangoTest/FormView/formurl.py'> (None:None) 'form/'>]], 'path': 'favicon.ico'}

During handling of the above exception, another exception occurred:

Traceback (most recent call last):
  File "/home/aniket/.local/lib/python3.9/site-packages/django/template/base.py", line 875, in _resolve_lookup
    current = current[bit]
TypeError: 'URLResolver' object is not subscriptable

During handling of the above exception, another exception occurred:

Traceback (most recent call last):
  File "/home/aniket/.local/lib/python3.9/site-packages/django/template/base.py", line 885, in _resolve_lookup
    current = getattr(current, bit)
AttributeError: 'URLResolver' object has no attribute 'name'

During handling of the above exception, another exception occurred:

Traceback (most recent call last):
  File "/home/aniket/.local/lib/python3.9/site-packages/django/template/base.py", line 891, in _resolve_lookup
    current = current[int(bit)]
ValueError: invalid literal for int() with base 10: 'name'

During handling of the above exception, another exception occurred:

Traceback (most recent call last):
  File "/home/aniket/.local/lib/python3.9/site-packages/django/template/base.py", line 898, in _resolve_lookup
    raise VariableDoesNotExist(
django.template.base.VariableDoesNotExist: Failed lookup for key [name] in <URLResolver <URLPattern list> (admin:admin) 'admin/'>
DEBUG 2022-05-31 05:23:32,807 base 18652 140131347101248 Exception while resolving variable 'name' in template 'unknown'.
Traceback (most recent call last):
  File "/home/aniket/.local/lib/python3.9/site-packages/django/core/handlers/exception.py", line 55, in inner
    response = get_response(request)
  File "/home/aniket/.local/lib/python3.9/site-packages/django/core/handlers/base.py", line 181, in _get_response
    callback, callback_args, callback_kwargs = self.resolve_request(request)
  File "/home/aniket/.local/lib/python3.9/site-packages/django/core/handlers/base.py", line 313, in resolve_request
    resolver_match = resolver.resolve(request.path_info)
  File "/home/aniket/.local/lib/python3.9/site-packages/django/urls/resolvers.py", line 683, in resolve
    raise Resolver404({"tried": tried, "path": new_path})
django.urls.exceptions.Resolver404: {'tried': [[<URLResolver <URLPattern list> (admin:admin) 'admin/'>], [<URLResolver <module 'FormView.formurl' from '/home/aniket/djangoProject/DjangoTest/FormView/formurl.py'> (None:None) 'form/'>]], 'path': 'favicon.ico'}

During handling of the above exception, another exception occurred:

Traceback (most recent call last):
  File "/home/aniket/.local/lib/python3.9/site-packages/django/template/base.py", line 875, in _resolve_lookup
    current = current[bit]
TypeError: 'URLResolver' object is not subscriptable

During handling of the above exception, another exception occurred:

Traceback (most recent call last):
  File "/home/aniket/.local/lib/python3.9/site-packages/django/template/base.py", line 885, in _resolve_lookup
    current = getattr(current, bit)
AttributeError: 'URLResolver' object has no attribute 'name'

During handling of the above exception, another exception occurred:

Traceback (most recent call last):
  File "/home/aniket/.local/lib/python3.9/site-packages/django/template/base.py", line 891, in _resolve_lookup
    current = current[int(bit)]
ValueError: invalid literal for int() with base 10: 'name'

During handling of the above exception, another exception occurred:

Traceback (most recent call last):
  File "/home/aniket/.local/lib/python3.9/site-packages/django/template/base.py", line 898, in _resolve_lookup
    raise VariableDoesNotExist(
django.template.base.VariableDoesNotExist: Failed lookup for key [name] in <URLResolver <module 'FormView.formurl' from '/home/aniket/djangoProject/DjangoTest/FormView/formurl.py'> (None:None) 'form/'>
WARNING 2022-05-31 05:23:32,808 log 18652 140131347101248 Not Found: /favicon.ico
WARNING 2022-05-31 05:23:32,808 basehttp 18652 140131347101248 "GET /favicon.ico HTTP/1.1" 404 2217
DEBUG 2022-05-31 05:23:33,625 autoreload 18652 140131663281152 File /home/aniket/.local/lib/python3.9/site-packages/django/contrib/sessions/serializers.py first seen with mtime 1653891630.111756
DEBUG 2022-05-31 05:23:33,628 autoreload 18652 140131663281152 File /home/aniket/.local/lib/python3.9/site-packages/django/contrib/messages/storage/fallback.py first seen with mtime 1653891630.0236542
DEBUG 2022-05-31 05:23:33,629 autoreload 18652 140131663281152 File /home/aniket/.local/lib/python3.9/site-packages/django/contrib/messages/storage/cookie.py first seen with mtime 1653891630.0236542
DEBUG 2022-05-31 05:23:33,629 autoreload 18652 140131663281152 File /home/aniket/.local/lib/python3.9/site-packages/django/contrib/messages/storage/session.py first seen with mtime 1653891630.027659
DEBUG 2022-05-31 05:23:33,630 autoreload 18652 140131663281152 File /home/aniket/.local/lib/python3.9/site-packages/django/contrib/messages/utils.py first seen with mtime 1653891630.0236542
DEBUG 2022-05-31 05:23:33,631 autoreload 18652 140131663281152 File /home/aniket/.local/lib/python3.9/site-packages/django/contrib/messages/storage/base.py first seen with mtime 1653891630.0236542
